[2019-02-12T11:27:10.066] [ERROR] ITEM - waiting for selector ".biz_name_area > .name" failed: timeout 3500ms exceeded
[2019-02-12T11:27:10.066] [ERROR] ITEM - At Crawling : https://store.naver.com/restaurants/detail?id=37438033&query=%EB%AF%B8%EB%8B%88%EC%A0%90%EB%B9%B5
[2019-02-12T12:46:10.566] [ERROR] LIST - waiting for selector "li.list_item.type_restaurant a.name" failed: timeout 3000ms exceeded
[2019-02-12T12:46:10.566] [ERROR] LIST - At Crawling : bounds=126.99609144%3B37.27883111%3B126.61205688000001%3B37.27883111&page=9&query=%EC%B9%B4%ED%8E%98
[2019-02-12T12:46:14.699] [ERROR] LIST - waiting for selector "li.list_item.type_restaurant a.name" failed: timeout 3000ms exceeded
[2019-02-12T12:46:14.700] [ERROR] LIST - At Crawling : bounds=126.99609144%3B37.27883111%3B126.61205688000001%3B37.27883111&page=10&query=%EC%B9%B4%ED%8E%98
[2019-02-12T12:46:18.844] [ERROR] LIST - waiting for selector "li.list_item.type_restaurant a.name" failed: timeout 3000ms exceeded
[2019-02-12T12:46:18.844] [ERROR] LIST - At Crawling : bounds=126.99609144%3B37.27883111%3B126.61205688000001%3B37.27883111&page=11&query=%EC%B9%B4%ED%8E%98
[2019-02-12T12:46:23.075] [ERROR] LIST - waiting for selector "li.list_item.type_restaurant a.name" failed: timeout 3000ms exceeded
[2019-02-12T12:46:23.075] [ERROR] LIST - At Crawling : bounds=126.99609144%3B37.27883111%3B126.61205688000001%3B37.27883111&page=12&query=%EC%B9%B4%ED%8E%98
[2019-02-12T12:46:27.213] [ERROR] LIST - waiting for selector "li.list_item.type_restaurant a.name" failed: timeout 3000ms exceeded
[2019-02-12T12:46:27.213] [ERROR] LIST - At Crawling : bounds=126.99609144%3B37.27883111%3B126.61205688000001%3B37.27883111&page=13&query=%EC%B9%B4%ED%8E%98
[2019-02-12T12:46:31.359] [ERROR] LIST - waiting for selector "li.list_item.type_restaurant a.name" failed: timeout 3000ms exceeded
[2019-02-12T12:46:31.359] [ERROR] LIST - At Crawling : bounds=126.99609144%3B37.27883111%3B126.61205688000001%3B37.27883111&page=14&query=%EC%B9%B4%ED%8E%98
[2019-02-12T12:46:35.524] [ERROR] LIST - waiting for selector "li.list_item.type_restaurant a.name" failed: timeout 3000ms exceeded
[2019-02-12T12:46:35.525] [ERROR] LIST - At Crawling : bounds=126.99609144%3B37.27883111%3B126.61205688000001%3B37.27883111&page=15&query=%EC%B9%B4%ED%8E%98
[2019-02-12T12:46:39.665] [ERROR] LIST - waiting for selector "li.list_item.type_restaurant a.name" failed: timeout 3000ms exceeded
[2019-02-12T12:46:39.665] [ERROR] LIST - At Crawling : bounds=126.99609144%3B37.27883111%3B126.61205688000001%3B37.27883111&page=16&query=%EC%B9%B4%ED%8E%98
[2019-02-12T12:46:43.947] [ERROR] LIST - waiting for selector "li.list_item.type_restaurant a.name" failed: timeout 3000ms exceeded
[2019-02-12T12:46:43.948] [ERROR] LIST - At Crawling : bounds=126.99609144%3B37.27883111%3B126.61205688000001%3B37.27883111&page=17&query=%EC%B9%B4%ED%8E%98
[2019-02-12T12:46:48.157] [ERROR] LIST - waiting for selector "li.list_item.type_restaurant a.name" failed: timeout 3000ms exceeded
[2019-02-12T12:46:48.157] [ERROR] LIST - At Crawling : bounds=126.99609144%3B37.27883111%3B126.61205688000001%3B37.27883111&page=18&query=%EC%B9%B4%ED%8E%98
[2019-02-12T12:46:52.366] [ERROR] LIST - waiting for selector "li.list_item.type_restaurant a.name" failed: timeout 3000ms exceeded
[2019-02-12T12:46:52.366] [ERROR] LIST - At Crawling : bounds=126.99609144%3B37.27883111%3B126.61205688000001%3B37.27883111&page=19&query=%EC%B9%B4%ED%8E%98
[2019-02-12T12:46:56.675] [ERROR] LIST - waiting for selector "li.list_item.type_restaurant a.name" failed: timeout 3000ms exceeded
[2019-02-12T12:46:56.676] [ERROR] LIST - At Crawling : bounds=126.99609144%3B37.27883111%3B126.61205688000001%3B37.27883111&page=20&query=%EC%B9%B4%ED%8E%98
[2019-02-12T12:47:01.157] [ERROR] LIST - waiting for selector "li.list_item.type_restaurant a.name" failed: timeout 3000ms exceeded
[2019-02-12T12:47:01.157] [ERROR] LIST - At Crawling : bounds=126.99609144%3B37.27883111%3B126.61205688000001%3B37.27883111&page=21&query=%EC%B9%B4%ED%8E%98
[2019-02-12T12:47:05.353] [ERROR] LIST - waiting for selector "li.list_item.type_restaurant a.name" failed: timeout 3000ms exceeded
[2019-02-12T12:47:05.353] [ERROR] LIST - At Crawling : bounds=126.99609144%3B37.27883111%3B126.61205688000001%3B37.27883111&page=22&query=%EC%B9%B4%ED%8E%98
[2019-02-12T12:47:09.543] [ERROR] LIST - waiting for selector "li.list_item.type_restaurant a.name" failed: timeout 3000ms exceeded
[2019-02-12T12:47:09.544] [ERROR] LIST - At Crawling : bounds=126.99609144%3B37.27883111%3B126.61205688000001%3B37.27883111&page=23&query=%EC%B9%B4%ED%8E%98
[2019-02-12T12:47:13.771] [ERROR] LIST - waiting for selector "li.list_item.type_restaurant a.name" failed: timeout 3000ms exceeded
[2019-02-12T12:47:13.771] [ERROR] LIST - At Crawling : bounds=126.99609144%3B37.27883111%3B126.61205688000001%3B37.27883111&page=24&query=%EC%B9%B4%ED%8E%98
[2019-02-12T13:17:32.115] [ERROR] LIST - No list at : 126.5571948 - 37.2551985 - 126.61205688000001 - 37.27883111 at page 2
[2019-02-12T13:19:06.679] [ERROR] LIST - No list at : 126.5571948 - 37.2551985 - 126.61205688000001 - 37.27883111 at page 2
[2019-02-12T13:19:17.807] [ERROR] LIST - No list at : 126.61205688000001 - 37.2551985 - 126.66691896 - 37.27883111 at page 1
[2019-02-12T13:19:29.138] [ERROR] LIST - No list at : 126.66691896 - 37.2551985 - 126.72178104 - 37.27883111 at page 1
[2019-02-12T13:19:40.573] [ERROR] LIST - No list at : 126.72178104 - 37.2551985 - 126.77664311999999 - 37.27883111 at page 1
[2019-02-12T13:19:51.887] [ERROR] LIST - No list at : 126.77664311999999 - 37.2551985 - 126.83150519999998 - 37.27883111 at page 1
[2019-02-12T13:20:14.497] [ERROR] LIST - No list at : 126.83150519999998 - 37.2551985 - 126.88636727999997 - 37.27883111 at page 2
[2019-02-12T13:21:15.144] [ERROR] LIST - No list at : 126.88636727999997 - 37.2551985 - 126.94122935999997 - 37.27883111 at page 3
[2019-02-12T13:29:47.906] [ERROR] LIST - No list at : 126.94122935999997 - 37.2551985 - 126.99609143999996 - 37.27883111 at page 12
[2019-02-12T14:04:33.193] [ERROR] LIST - No list at : 126.99609143999996 - 37.2551985 - 127.05095351999995 - 37.27883111 at page 43
[2019-02-12T14:14:04.443] [ERROR] LIST - No list at : 127.05095351999995 - 37.2551985 - 127.10581559999994 - 37.27883111 at page 13
[2019-02-12T14:24:41.510] [ERROR] LIST - No list at : 127.10581559999994 - 37.2551985 - 127.16067767999994 - 37.27883111 at page 14
[2019-02-12T14:26:22.458] [ERROR] LIST - No list at : 127.16067767999994 - 37.2551985 - 127.21553975999993 - 37.27883111 at page 3
[2019-02-12T14:28:29.244] [ERROR] LIST - No list at : 127.21553975999993 - 37.2551985 - 127.27040183999992 - 37.27883111 at page 4
[2019-02-12T14:28:50.308] [ERROR] LIST - No list at : 127.27040183999992 - 37.2551985 - 127.32526391999991 - 37.27883111 at page 2
[2019-02-12T14:29:16.624] [ERROR] LIST - No list at : 127.32526391999991 - 37.2551985 - 127.3801259999999 - 37.27883111 at page 2
[2019-02-12T14:30:20.724] [ERROR] LIST - No list at : 127.3801259999999 - 37.2551985 - 127.4349880799999 - 37.27883111 at page 3
[2019-02-12T14:33:01.028] [ERROR] LIST - No list at : 127.4349880799999 - 37.2551985 - 127.48985015999989 - 37.27883111 at page 4
[2019-02-12T14:33:24.134] [ERROR] LIST - No list at : 127.48985015999989 - 37.2551985 - 127.54471223999988 - 37.27883111 at page 2
[2019-02-12T14:33:41.456] [ERROR] LIST - No list at : 127.54471223999988 - 37.2551985 - 127.59957431999987 - 37.27883111 at page 2
[2019-02-12T14:34:46.189] [ERROR] LIST - No list at : 127.59957431999987 - 37.2551985 - 127.65443639999987 - 37.27883111 at page 2
[2019-02-12T14:35:11.779] [ERROR] LIST - No list at : 126.55719479999988 - 37.27883111 - 126.61205687999987 - 37.30246372 at page 2
[2019-02-12T14:35:23.062] [ERROR] LIST - No list at : 126.61205687999987 - 37.27883111 - 126.66691895999986 - 37.30246372 at page 1
[2019-02-12T14:35:34.448] [ERROR] LIST - No list at : 126.66691895999986 - 37.27883111 - 126.72178103999985 - 37.30246372 at page 1
[2019-02-12T14:35:48.650] [ERROR] LIST - No list at : 126.72178103999985 - 37.27883111 - 126.77664311999985 - 37.30246372 at page 2
[2019-02-12T14:36:41.681] [ERROR] LIST - No list at : 126.77664311999985 - 37.27883111 - 126.83150519999984 - 37.30246372 at page 3
[2019-02-12T14:46:40.400] [ERROR] LIST - No list at : 126.83150519999984 - 37.27883111 - 126.88636727999983 - 37.30246372 at page 14
[2019-02-12T14:47:39.416] [ERROR] LIST - No list at : 126.88636727999983 - 37.27883111 - 126.94122935999982 - 37.30246372 at page 2
[2019-02-12T15:00:32.662] [ERROR] LIST - No list at : 126.94122935999982 - 37.27883111 - 126.99609143999982 - 37.30246372 at page 17
[2019-02-12T15:27:20.627] [ERROR] LIST - No list at : 126.99609143999982 - 37.27883111 - 127.05095351999981 - 37.30246372 at page 33
[2019-02-12T15:36:49.116] [ERROR] LIST - No list at : 127.05095351999981 - 37.27883111 - 127.1058155999998 - 37.30246372 at page 13
[2019-02-12T15:46:11.382] [ERROR] LIST - No list at : 127.1058155999998 - 37.27883111 - 127.1606776799998 - 37.30246372 at page 12
[2019-02-12T15:47:02.227] [ERROR] LIST - No list at : 127.1606776799998 - 37.27883111 - 127.21553975999979 - 37.30246372 at page 2
[2019-02-12T15:48:10.144] [ERROR] LIST - No list at : 127.21553975999979 - 37.27883111 - 127.27040183999978 - 37.30246372 at page 3
[2019-02-12T15:48:33.465] [ERROR] LIST - No list at : 127.27040183999978 - 37.27883111 - 127.32526391999977 - 37.30246372 at page 2
[2019-02-12T15:48:55.767] [ERROR] LIST - No list at : 127.32526391999977 - 37.27883111 - 127.38012599999976 - 37.30246372 at page 2
[2019-02-12T15:50:16.594] [ERROR] LIST - No list at : 127.38012599999976 - 37.27883111 - 127.43498807999975 - 37.30246372 at page 3
[2019-02-12T15:57:48.357] [ERROR] LIST - No list at : 127.43498807999975 - 37.27883111 - 127.48985015999975 - 37.30246372 at page 10
[2019-02-12T15:58:15.500] [ERROR] LIST - No list at : 127.48985015999975 - 37.27883111 - 127.54471223999974 - 37.30246372 at page 2
[2019-02-12T15:58:34.552] [ERROR] LIST - No list at : 127.54471223999974 - 37.27883111 - 127.59957431999973 - 37.30246372 at page 2
[2019-02-12T16:02:39.410] [ERROR] LIST - No list at : 127.59957431999973 - 37.27883111 - 127.65443639999972 - 37.30246372 at page 6
[2019-02-12T16:02:53.502] [ERROR] LIST - No list at : 126.55719479999973 - 37.30246372 - 126.61205687999973 - 37.32609633 at page 2
[2019-02-12T16:03:04.715] [ERROR] LIST - No list at : 126.61205687999973 - 37.30246372 - 126.66691895999972 - 37.32609633 at page 1
[2019-02-12T16:03:15.956] [ERROR] LIST - No list at : 126.66691895999972 - 37.30246372 - 126.72178103999971 - 37.32609633 at page 1
[2019-02-12T16:03:40.009] [ERROR] LIST - No list at : 126.72178103999971 - 37.30246372 - 126.7766431199997 - 37.32609633 at page 2
[2019-02-12T16:15:15.156] [ERROR] LIST - No list at : 126.7766431199997 - 37.30246372 - 126.8315051999997 - 37.32609633 at page 15
[2019-02-12T16:31:04.240] [ERROR] LIST - No list at : 126.8315051999997 - 37.30246372 - 126.88636727999969 - 37.32609633 at page 21
[2019-02-12T16:33:04.214] [ERROR] LIST - No list at : 126.88636727999969 - 37.30246372 - 126.94122935999968 - 37.32609633 at page 4
[2019-02-12T16:39:04.626] [ERROR] LIST - No list at : 126.94122935999968 - 37.30246372 - 126.99609143999967 - 37.32609633 at page 9
[2019-02-12T16:43:16.149] [ERROR] LIST - No list at : 126.99609143999967 - 37.30246372 - 127.05095351999967 - 37.32609633 at page 7
[2019-02-12T16:54:21.110] [ERROR] LIST - No list at : 127.05095351999967 - 37.30246372 - 127.10581559999966 - 37.32609633 at page 15
[2019-02-12T17:05:55.483] [ERROR] LIST - No list at : 127.10581559999966 - 37.30246372 - 127.16067767999965 - 37.32609633 at page 14
[2019-02-12T17:06:10.006] [ERROR] LIST - No list at : 127.16067767999965 - 37.30246372 - 127.21553975999964 - 37.32609633 at page 2
[2019-02-12T17:06:33.599] [ERROR] LIST - No list at : 127.21553975999964 - 37.30246372 - 127.27040183999964 - 37.32609633 at page 2
[2019-02-12T17:06:51.328] [ERROR] LIST - No list at : 127.27040183999964 - 37.30246372 - 127.32526391999963 - 37.32609633 at page 2
[2019-02-12T17:07:24.741] [ERROR] LIST - No list at : 127.32526391999963 - 37.30246372 - 127.38012599999962 - 37.32609633 at page 2
[2019-02-12T17:08:10.492] [ERROR] LIST - No list at : 127.38012599999962 - 37.30246372 - 127.43498807999961 - 37.32609633 at page 2
[2019-02-12T17:08:52.610] [ERROR] LIST - No list at : 127.43498807999961 - 37.30246372 - 127.4898501599996 - 37.32609633 at page 2
[2019-02-12T17:09:03.800] [ERROR] LIST - No list at : 127.4898501599996 - 37.30246372 - 127.5447122399996 - 37.32609633 at page 1
[2019-02-12T17:09:18.093] [ERROR] LIST - No list at : 127.5447122399996 - 37.30246372 - 127.59957431999959 - 37.32609633 at page 2
[2019-02-12T17:10:43.349] [ERROR] LIST - No list at : 127.59957431999959 - 37.30246372 - 127.65443639999958 - 37.32609633 at page 3
[2019-02-12T17:10:54.530] [ERROR] LIST - No list at : 126.55719479999959 - 37.32609633 - 126.61205687999959 - 37.34972894 at page 1
[2019-02-12T17:11:05.728] [ERROR] LIST - No list at : 126.61205687999959 - 37.32609633 - 126.66691895999958 - 37.34972894 at page 1
[2019-02-12T17:13:02.147] [ERROR] LIST - No list at : 126.66691895999958 - 37.32609633 - 126.72178103999957 - 37.34972894 at page 4
[2019-02-12T17:17:36.001] [ERROR] LIST - No list at : 126.72178103999957 - 37.32609633 - 126.77664311999956 - 37.34972894 at page 6
[2019-02-12T17:25:55.972] [ERROR] LIST - No list at : 126.77664311999956 - 37.32609633 - 126.83150519999955 - 37.34972894 at page 11
[2019-02-12T17:30:16.350] [ERROR] LIST - No list at : 126.83150519999955 - 37.32609633 - 126.88636727999955 - 37.34972894 at page 6
[2019-02-12T17:32:30.178] [ERROR] LIST - No list at : 126.88636727999955 - 37.32609633 - 126.94122935999954 - 37.34972894 at page 4
[2019-02-12T17:35:57.494] [ERROR] LIST - No list at : 126.94122935999954 - 37.32609633 - 126.99609143999953 - 37.34972894 at page 5
[2019-02-12T17:36:43.293] [ERROR] LIST - No list at : 126.99609143999953 - 37.32609633 - 127.05095351999952 - 37.34972894 at page 2
[2019-02-12T17:43:30.675] [ERROR] LIST - No list at : 127.05095351999952 - 37.32609633 - 127.10581559999952 - 37.34972894 at page 10
[2019-02-12T17:53:14.660] [ERROR] LIST - No list at : 127.10581559999952 - 37.32609633 - 127.16067767999951 - 37.34972894 at page 14
[2019-02-12T17:55:10.762] [ERROR] LIST - No list at : 127.16067767999951 - 37.32609633 - 127.2155397599995 - 37.34972894 at page 4
[2019-02-12T17:56:52.644] [ERROR] LIST - No list at : 127.2155397599995 - 37.32609633 - 127.2704018399995 - 37.34972894 at page 4
[2019-02-12T17:57:41.326] [ERROR] LIST - No list at : 127.2704018399995 - 37.32609633 - 127.32526391999949 - 37.34972894 at page 2
[2019-02-12T17:58:41.222] [ERROR] LIST - No list at : 127.32526391999949 - 37.32609633 - 127.38012599999948 - 37.34972894 at page 3
[2019-02-12T17:58:55.853] [ERROR] LIST - No list at : 127.38012599999948 - 37.32609633 - 127.43498807999947 - 37.34972894 at page 2
[2019-02-12T17:59:18.362] [ERROR] LIST - No list at : 127.43498807999947 - 37.32609633 - 127.48985015999946 - 37.34972894 at page 2
[2019-02-12T17:59:54.370] [ERROR] LIST - No list at : 127.48985015999946 - 37.32609633 - 127.54471223999946 - 37.34972894 at page 2
[2019-02-12T18:00:11.822] [ERROR] LIST - No list at : 127.54471223999946 - 37.32609633 - 127.59957431999945 - 37.34972894 at page 2
[2019-02-12T18:00:28.513] [ERROR] LIST - No list at : 127.59957431999945 - 37.32609633 - 127.65443639999944 - 37.34972894 at page 2
[2019-02-12T18:00:39.768] [ERROR] LIST - No list at : 126.55719479999945 - 37.34972894 - 126.61205687999944 - 37.37336155 at page 1
[2019-02-12T18:01:16.425] [ERROR] LIST - No list at : 126.61205687999944 - 37.34972894 - 126.66691895999944 - 37.37336155 at page 2
[2019-02-12T18:01:44.638] [ERROR] LIST - No list at : 126.66691895999944 - 37.34972894 - 126.72178103999943 - 37.37336155 at page 2
[2019-02-12T18:06:34.742] [ERROR] LIST - No list at : 126.72178103999943 - 37.34972894 - 126.77664311999942 - 37.37336155 at page 8
[2019-02-12T18:07:49.046] [ERROR] LIST - No list at : 126.77664311999942 - 37.34972894 - 126.83150519999941 - 37.37336155 at page 3
[2019-02-12T18:08:45.252] [ERROR] LIST - No list at : 126.83150519999941 - 37.34972894 - 126.8863672799994 - 37.37336155 at page 3
[2019-02-12T18:17:25.431] [ERROR] LIST - No list at : 126.8863672799994 - 37.34972894 - 126.9412293599994 - 37.37336155 at page 12
[2019-02-12T18:24:59.095] [ERROR] LIST - No list at : 126.9412293599994 - 37.34972894 - 126.99609143999939 - 37.37336155 at page 10
[2019-02-12T18:25:57.615] [ERROR] LIST - No list at : 126.99609143999939 - 37.34972894 - 127.05095351999938 - 37.37336155 at page 2
[2019-02-12T18:30:28.638] [ERROR] LIST - No list at : 127.05095351999938 - 37.34972894 - 127.10581559999937 - 37.37336155 at page 6
[2019-02-12T18:45:46.670] [ERROR] LIST - No list at : 127.10581559999937 - 37.34972894 - 127.16067767999937 - 37.37336155 at page 20
[2019-02-12T18:47:01.270] [ERROR] LIST - No list at : 127.16067767999937 - 37.34972894 - 127.21553975999936 - 37.37336155 at page 3
[2019-02-12T18:48:25.238] [ERROR] LIST - No list at : 127.21553975999936 - 37.34972894 - 127.27040183999935 - 37.37336155 at page 3
[2019-02-12T18:49:16.895] [ERROR] LIST - No list at : 127.27040183999935 - 37.34972894 - 127.32526391999934 - 37.37336155 at page 2
[2019-02-12T18:50:37.766] [ERROR] LIST - No list at : 127.32526391999934 - 37.34972894 - 127.38012599999934 - 37.37336155 at page 3
[2019-02-12T18:51:08.555] [ERROR] LIST - No list at : 127.38012599999934 - 37.34972894 - 127.43498807999933 - 37.37336155 at page 2
[2019-02-12T18:51:19.786] [ERROR] LIST - No list at : 127.43498807999933 - 37.34972894 - 127.48985015999932 - 37.37336155 at page 1
[2019-02-12T18:51:34.105] [ERROR] LIST - No list at : 127.48985015999932 - 37.34972894 - 127.54471223999931 - 37.37336155 at page 2
[2019-02-12T18:51:52.999] [ERROR] LIST - No list at : 127.54471223999931 - 37.34972894 - 127.5995743199993 - 37.37336155 at page 2
[2019-02-12T18:52:04.144] [ERROR] LIST - No list at : 127.5995743199993 - 37.34972894 - 127.6544363999993 - 37.37336155 at page 1
[2019-02-12T18:52:15.320] [ERROR] LIST - No list at : 126.55719479999931 - 37.37336155 - 126.6120568799993 - 37.39699416 at page 1
[2019-02-12T19:03:09.564] [ERROR] LIST - No list at : 126.6120568799993 - 37.37336155 - 126.6669189599993 - 37.39699416 at page 15
[2019-02-12T19:03:36.511] [ERROR] LIST - No list at : 126.6669189599993 - 37.37336155 - 126.72178103999929 - 37.39699416 at page 2
[2019-02-12T19:07:30.504] [ERROR] LIST - No list at : 126.72178103999929 - 37.37336155 - 126.77664311999928 - 37.39699416 at page 6
[2019-02-12T19:10:01.048] [ERROR] LIST - No list at : 126.77664311999928 - 37.37336155 - 126.83150519999927 - 37.39699416 at page 4
[2019-02-12T19:13:28.566] [ERROR] LIST - No list at : 126.83150519999927 - 37.37336155 - 126.88636727999926 - 37.39699416 at page 6
[2019-02-12T19:20:31.401] [ERROR] LIST - No list at : 126.88636727999926 - 37.37336155 - 126.94122935999926 - 37.39699416 at page 10
[2019-02-12T19:45:21.460] [ERROR] LIST - No list at : 126.94122935999926 - 37.37336155 - 126.99609143999925 - 37.39699416 at page 31
[2019-02-12T19:47:16.018] [ERROR] LIST - No list at : 126.99609143999925 - 37.37336155 - 127.05095351999924 - 37.39699416 at page 3
[2019-02-12T19:53:11.739] [ERROR] LIST - No list at : 127.05095351999924 - 37.37336155 - 127.10581559999923 - 37.39699416 at page 8
[2019-02-12T20:14:49.027] [ERROR] LIST - No list at : 127.10581559999923 - 37.37336155 - 127.16067767999922 - 37.39699416 at page 29
[2019-02-12T20:15:19.459] [ERROR] LIST - No list at : 127.16067767999922 - 37.37336155 - 127.21553975999922 - 37.39699416 at page 2
[2019-02-12T20:18:34.649] [ERROR] LIST - No list at : 127.21553975999922 - 37.37336155 - 127.27040183999921 - 37.39699416 at page 5
[2019-02-12T20:19:36.962] [ERROR] LIST - No list at : 127.27040183999921 - 37.37336155 - 127.3252639199992 - 37.39699416 at page 3
[2019-02-12T20:19:51.225] [ERROR] LIST - No list at : 127.3252639199992 - 37.37336155 - 127.3801259999992 - 37.39699416 at page 2
[2019-02-12T20:20:08.416] [ERROR] LIST - No list at : 127.3801259999992 - 37.37336155 - 127.43498807999919 - 37.39699416 at page 2
[2019-02-12T20:20:24.223] [ERROR] LIST - No list at : 127.43498807999919 - 37.37336155 - 127.48985015999918 - 37.39699416 at page 2
[2019-02-12T20:20:51.337] [ERROR] LIST - No list at : 127.48985015999918 - 37.37336155 - 127.54471223999917 - 37.39699416 at page 2
[2019-02-12T20:21:17.943] [ERROR] LIST - No list at : 127.54471223999917 - 37.37336155 - 127.59957431999916 - 37.39699416 at page 2
[2019-02-12T20:21:29.181] [ERROR] LIST - No list at : 127.59957431999916 - 37.37336155 - 127.65443639999916 - 37.39699416 at page 1
[2019-02-12T20:21:40.363] [ERROR] LIST - No list at : 126.55719479999917 - 37.39699416 - 126.61205687999916 - 37.42062677 at page 1
[2019-02-12T20:27:14.065] [ERROR] LIST - No list at : 126.61205687999916 - 37.39699416 - 126.66691895999915 - 37.42062677 at page 8
[2019-02-12T20:35:27.113] [ERROR] LIST - No list at : 126.66691895999915 - 37.39699416 - 126.72178103999914 - 37.42062677 at page 12
[2019-02-12T20:41:46.866] [ERROR] LIST - No list at : 126.72178103999914 - 37.39699416 - 126.77664311999914 - 37.42062677 at page 9
[2019-02-12T20:42:48.798] [ERROR] LIST - No list at : 126.77664311999914 - 37.39699416 - 126.83150519999913 - 37.42062677 at page 3
[2019-02-12T20:44:09.383] [ERROR] LIST - No list at : 126.83150519999913 - 37.39699416 - 126.88636727999912 - 37.42062677 at page 3
[2019-02-12T20:58:25.012] [ERROR] LIST - No list at : 126.88636727999912 - 37.39699416 - 126.94122935999911 - 37.42062677 at page 19
[2019-02-12T21:01:16.962] [ERROR] ITEM - waiting for selector ".biz_name_area > .name" failed: timeout 3500ms exceeded
[2019-02-12T21:01:16.962] [ERROR] ITEM - At Crawling : https://store.naver.com/restaurants/detail?id=215269252&query=%EB%A7%8C%ED%99%94%EC%B9%B4%ED%8E%98%EB%A7%9D%EA%B3%A0
[2019-02-12T21:09:20.001] [ERROR] LIST - No list at : 126.94122935999911 - 37.39699416 - 126.9960914399991 - 37.42062677 at page 15
[2019-02-12T21:09:44.894] [ERROR] LIST - No list at : 126.9960914399991 - 37.39699416 - 127.0509535199991 - 37.42062677 at page 2
[2019-02-12T21:11:20.337] [ERROR] LIST - No list at : 127.0509535199991 - 37.39699416 - 127.10581559999909 - 37.42062677 at page 3
[2019-02-12T21:26:33.666] [ERROR] LIST - No list at : 127.10581559999909 - 37.39699416 - 127.16067767999908 - 37.42062677 at page 21
[2019-02-12T21:26:53.989] [ERROR] LIST - No list at : 127.16067767999908 - 37.39699416 - 127.21553975999907 - 37.42062677 at page 2
[2019-02-12T21:34:03.064] [ERROR] LIST - No list at : 127.21553975999907 - 37.39699416 - 127.27040183999907 - 37.42062677 at page 10
[2019-02-12T21:35:09.160] [ERROR] LIST - No list at : 127.27040183999907 - 37.39699416 - 127.32526391999906 - 37.42062677 at page 3
[2019-02-12T21:35:20.362] [ERROR] LIST - No list at : 127.32526391999906 - 37.39699416 - 127.38012599999905 - 37.42062677 at page 1
[2019-02-12T21:35:36.074] [ERROR] LIST - No list at : 127.38012599999905 - 37.39699416 - 127.43498807999904 - 37.42062677 at page 2
[2019-02-12T21:36:06.486] [ERROR] LIST - No list at : 127.43498807999904 - 37.39699416 - 127.48985015999904 - 37.42062677 at page 2
[2019-02-12T21:36:38.125] [ERROR] LIST - No list at : 127.48985015999904 - 37.39699416 - 127.54471223999903 - 37.42062677 at page 2
[2019-02-12T21:36:57.594] [ERROR] LIST - No list at : 127.54471223999903 - 37.39699416 - 127.59957431999902 - 37.42062677 at page 2
[2019-02-12T21:37:16.259] [ERROR] LIST - No list at : 127.59957431999902 - 37.39699416 - 127.65443639999901 - 37.42062677 at page 2
[2019-02-12T21:37:27.383] [ERROR] LIST - No list at : 126.55719479999902 - 37.42062677 - 126.61205687999902 - 37.44425938 at page 1
[2019-02-12T21:41:19.217] [ERROR] LIST - No list at : 126.61205687999902 - 37.42062677 - 126.66691895999901 - 37.44425938 at page 6
[2019-02-12T21:51:41.540] [ERROR] LIST - No list at : 126.66691895999901 - 37.42062677 - 126.721781039999 - 37.44425938 at page 13
[2019-02-12T21:55:33.222] [ERROR] LIST - No list at : 126.721781039999 - 37.42062677 - 126.776643119999 - 37.44425938 at page 6
[2019-02-12T22:01:26.986] [ERROR] LIST - No list at : 126.776643119999 - 37.42062677 - 126.83150519999899 - 37.44425938 at page 8
[2019-02-12T22:04:21.398] [ERROR] LIST - No list at : 126.83150519999899 - 37.42062677 - 126.88636727999898 - 37.44425938 at page 4
[2019-02-12T22:06:05.503] [ERROR] LIST - No list at : 126.88636727999898 - 37.42062677 - 126.94122935999897 - 37.44425938 at page 4
[2019-02-12T22:08:29.054] [ERROR] LIST - No list at : 126.94122935999897 - 37.42062677 - 126.99609143999896 - 37.44425938 at page 4
[2019-02-12T22:09:15.106] [ERROR] LIST - No list at : 126.99609143999896 - 37.42062677 - 127.05095351999896 - 37.44425938 at page 2
[2019-02-12T22:10:29.089] [ERROR] LIST - No list at : 127.05095351999896 - 37.42062677 - 127.10581559999895 - 37.44425938 at page 3
[2019-02-12T22:23:49.794] [ERROR] LIST - No list at : 127.10581559999895 - 37.42062677 - 127.16067767999894 - 37.44425938 at page 17
[2019-02-12T22:26:26.746] [ERROR] LIST - No list at : 127.16067767999894 - 37.42062677 - 127.21553975999893 - 37.44425938 at page 5
[2019-02-12T22:28:05.139] [ERROR] LIST - No list at : 127.21553975999893 - 37.42062677 - 127.27040183999893 - 37.44425938 at page 3
[2019-02-12T22:28:37.523] [ERROR] LIST - No list at : 127.27040183999893 - 37.42062677 - 127.32526391999892 - 37.44425938 at page 2
[2019-02-12T22:28:56.808] [ERROR] LIST - No list at : 127.32526391999892 - 37.42062677 - 127.38012599999891 - 37.44425938 at page 2
[2019-02-12T22:29:07.961] [ERROR] LIST - No list at : 127.38012599999891 - 37.42062677 - 127.4349880799989 - 37.44425938 at page 1
[2019-02-12T22:29:21.840] [ERROR] LIST - No list at : 127.4349880799989 - 37.42062677 - 127.4898501599989 - 37.44425938 at page 2
[2019-02-12T22:29:49.957] [ERROR] LIST - No list at : 127.4898501599989 - 37.42062677 - 127.54471223999889 - 37.44425938 at page 2
[2019-02-12T22:30:01.043] [ERROR] LIST - No list at : 127.54471223999889 - 37.42062677 - 127.59957431999888 - 37.44425938 at page 1
[2019-02-12T22:30:14.912] [ERROR] LIST - No list at : 127.59957431999888 - 37.42062677 - 127.65443639999887 - 37.44425938 at page 2
[2019-02-12T22:31:09.826] [ERROR] LIST - No list at : 126.55719479999888 - 37.44425938 - 126.61205687999887 - 37.46789199 at page 2
[2019-02-12T22:43:20.510] [ERROR] LIST - No list at : 126.61205687999887 - 37.44425938 - 126.66691895999887 - 37.46789199 at page 16
[2019-02-12T23:08:15.735] [ERROR] ITEM - waiting for selector ".biz_name_area > .name" failed: timeout 3500ms exceeded
[2019-02-12T23:08:15.736] [ERROR] ITEM - At Crawling : https://store.naver.com/restaurants/detail?id=1747028253&query=%EB%8B%AC%EC%BD%A4%ED%95%9C%ED%95%98%EB%A3%A8
[2019-02-12T23:15:20.268] [ERROR] LIST - No list at : 126.66691895999887 - 37.44425938 - 126.72178103999886 - 37.46789199 at page 39
[2019-02-12T23:23:19.098] [ERROR] LIST - No list at : 126.72178103999886 - 37.44425938 - 126.77664311999885 - 37.46789199 at page 10
[2019-02-12T23:27:03.332] [ERROR] LIST - No list at : 126.77664311999885 - 37.44425938 - 126.83150519999884 - 37.46789199 at page 6
[2019-02-12T23:32:46.962] [ERROR] LIST - No list at : 126.83150519999884 - 37.44425938 - 126.88636727999884 - 37.46789199 at page 8
[2019-02-12T23:41:39.677] [ERROR] LIST - No list at : 126.88636727999884 - 37.44425938 - 126.94122935999883 - 37.46789199 at page 12
[2019-02-12T23:42:35.833] [ERROR] LIST - No list at : 126.94122935999883 - 37.44425938 - 126.99609143999882 - 37.46789199 at page 2
[2019-02-12T23:46:23.883] [ERROR] LIST - No list at : 126.99609143999882 - 37.44425938 - 127.05095351999881 - 37.46789199 at page 6
[2019-02-12T23:49:30.403] [ERROR] LIST - No list at : 127.05095351999881 - 37.44425938 - 127.1058155999988 - 37.46789199 at page 4
[2019-02-12T23:57:37.532] [ERROR] ITEM - waiting for selector ".biz_name_area > .name" failed: timeout 3500ms exceeded
[2019-02-12T23:57:37.532] [ERROR] ITEM - At Crawling : https://store.naver.com/restaurants/detail?id=1190330867&query=%EC%96%B8%EC%BD%94%EB%A5%B4%ED%81%AC
[2019-02-12T23:57:52.602] [ERROR] LIST - No list at : 127.1058155999988 - 37.44425938 - 127.1606776799988 - 37.46789199 at page 12
[2019-02-13T00:01:55.868] [ERROR] LIST - No list at : 127.1606776799988 - 37.44425938 - 127.21553975999879 - 37.46789199 at page 6
[2019-02-13T00:02:25.856] [ERROR] LIST - No list at : 127.21553975999879 - 37.44425938 - 127.27040183999878 - 37.46789199 at page 2
[2019-02-13T00:02:40.550] [ERROR] LIST - No list at : 127.27040183999878 - 37.44425938 - 127.32526391999878 - 37.46789199 at page 2
[2019-02-13T00:03:28.051] [ERROR] LIST - No list at : 127.32526391999878 - 37.44425938 - 127.38012599999877 - 37.46789199 at page 2
[2019-02-13T00:03:39.363] [ERROR] LIST - No list at : 127.38012599999877 - 37.44425938 - 127.43498807999876 - 37.46789199 at page 1
[2019-02-13T00:04:01.076] [ERROR] LIST - No list at : 127.43498807999876 - 37.44425938 - 127.48985015999875 - 37.46789199 at page 2
[2019-02-13T00:04:20.683] [ERROR] LIST - No list at : 127.48985015999875 - 37.44425938 - 127.54471223999874 - 37.46789199 at page 2
[2019-02-13T00:04:31.946] [ERROR] LIST - No list at : 127.54471223999874 - 37.44425938 - 127.59957431999874 - 37.46789199 at page 1
[2019-02-13T00:04:46.028] [ERROR] LIST - No list at : 127.59957431999874 - 37.44425938 - 127.65443639999873 - 37.46789199 at page 2
[2019-02-13T00:06:49.517] [ERROR] LIST - No list at : 126.55719479999874 - 37.46789199 - 126.61205687999873 - 37.4915246 at page 4
[2019-02-13T00:15:36.629] [ERROR] ITEM - waiting for selector ".biz_name_area > .name" failed: timeout 3500ms exceeded
[2019-02-13T00:15:36.630] [ERROR] ITEM - At Crawling : https://store.naver.com/restaurants/detail?id=38357586&query=%EB%9D%BC%EC%9D%B4%EB%B8%8C%EC%8B%A0%ED%8F%AC%EB%82%98%EB%A3%A8
[2019-02-13T00:24:15.144] [ERROR] LIST - No list at : 126.61205687999873 - 37.46789199 - 126.66691895999872 - 37.4915246 at page 23
[2019-02-13T00:32:41.759] [ERROR] LIST - No list at : 126.66691895999872 - 37.46789199 - 126.72178103999872 - 37.4915246 at page 11
[2019-02-13T00:36:33.386] [ERROR] ITEM - waiting for selector ".biz_name_area > .name" failed: timeout 3500ms exceeded
[2019-02-13T00:36:33.386] [ERROR] ITEM - At Crawling : https://store.naver.com/restaurants/detail?id=1713974942&query=%EB%B0%94%ED%91%B8%EB%A6%AC%EC%88%98%EC%A0%9C%EC%8B%9D%EB%B9%B5%20%EB%B6%80%EC%B2%9C%EC%86%A1%EB%82%B4%EC%A0%90
[2019-02-13T00:47:46.795] [ERROR] LIST - No list at : 126.72178103999872 - 37.46789199 - 126.77664311999871 - 37.4915246 at page 20
[2019-02-13T00:59:01.103] [ERROR] ITEM - waiting for selector ".biz_name_area > .name" failed: timeout 3500ms exceeded
[2019-02-13T00:59:01.103] [ERROR] ITEM - At Crawling : https://store.naver.com/restaurants/detail?id=21148768&query=%ED%8C%8C%EB%A6%AC%EB%B0%94%EA%B2%8C%EB%9C%A8%20%EC%84%B1%EA%B0%80%EC%8B%9C%EC%9E%A5%EC%A0%90
[2019-02-13T01:12:30.953] [ERROR] LIST - No list at : 126.77664311999871 - 37.46789199 - 126.8315051999987 - 37.4915246 at page 29
[2019-02-13T01:34:33.932] [ERROR] LIST - No list at : 126.8315051999987 - 37.46789199 - 126.8863672799987 - 37.4915246 at page 28
[2019-02-13T02:10:02.006] [ERROR] LIST - No list at : 126.8863672799987 - 37.46789199 - 126.94122935999869 - 37.4915246 at page 44
[2019-02-13T02:46:09.175] [ERROR] ITEM - waiting for selector ".biz_name_area > .name" failed: timeout 3500ms exceeded
[2019-02-13T02:46:09.175] [ERROR] ITEM - At Crawling : https://store.naver.com/restaurants/detail?id=31107953&query=%ED%85%8C%EC%9D%BC%EC%98%A4%EB%B8%8C%ED%85%8C%EC%9D%BC%EC%8A%A4
[2019-02-13T02:47:05.107] [ERROR] LIST - No list at : 126.94122935999869 - 37.46789199 - 126.99609143999868 - 37.4915246 at page 45
[2019-02-13T03:06:14.094] [ERROR] ITEM - waiting for selector ".biz_name_area > .name" failed: timeout 3500ms exceeded
[2019-02-13T03:06:14.094] [ERROR] ITEM - At Crawling : https://store.naver.com/restaurants/detail?id=30922585&query=CAFEMEEK
[2019-02-13T03:24:14.269] [ERROR] LIST - No list at : 126.99609143999868 - 37.46789199 - 127.05095351999867 - 37.4915246 at page 46
[2019-02-13T03:31:05.130] [ERROR] LIST - No list at : 127.05095351999867 - 37.46789199 - 127.10581559999866 - 37.4915246 at page 10
[2019-02-13T03:43:37.341] [ERROR] ITEM - waiting for selector ".biz_name_area > .name" failed: timeout 3500ms exceeded
[2019-02-13T03:43:37.341] [ERROR] ITEM - At Crawling : https://store.naver.com/restaurants/detail?id=36713600&query=%EB%BD%80%EC%AA%BC%20NC%EB%B0%B1%ED%99%94%EC%A0%90%EC%86%A1%ED%8C%8C%EC%A0%90
[2019-02-13T03:50:10.843] [ERROR] LIST - No list at : 127.10581559999866 - 37.46789199 - 127.16067767999866 - 37.4915246 at page 26
[2019-02-13T03:50:55.046] [ERROR] LIST - No list at : 127.16067767999866 - 37.46789199 - 127.21553975999865 - 37.4915246 at page 2
[2019-02-13T03:51:12.857] [ERROR] LIST - No list at : 127.21553975999865 - 37.46789199 - 127.27040183999864 - 37.4915246 at page 2
[2019-02-13T03:52:04.060] [ERROR] LIST - No list at : 127.27040183999864 - 37.46789199 - 127.32526391999863 - 37.4915246 at page 2
[2019-02-13T03:52:30.563] [ERROR] LIST - No list at : 127.32526391999863 - 37.46789199 - 127.38012599999863 - 37.4915246 at page 2
[2019-02-13T03:52:59.843] [ERROR] LIST - No list at : 127.38012599999863 - 37.46789199 - 127.43498807999862 - 37.4915246 at page 2
[2019-02-13T03:54:14.828] [ERROR] LIST - No list at : 127.43498807999862 - 37.46789199 - 127.48985015999861 - 37.4915246 at page 3
[2019-02-13T03:56:37.688] [ERROR] LIST - No list at : 127.48985015999861 - 37.46789199 - 127.5447122399986 - 37.4915246 at page 4
[2019-02-13T03:58:35.080] [ERROR] LIST - No list at : 127.5447122399986 - 37.46789199 - 127.5995743199986 - 37.4915246 at page 4
[2019-02-13T03:59:18.597] [ERROR] LIST - No list at : 127.5995743199986 - 37.46789199 - 127.65443639999859 - 37.4915246 at page 2
[2019-02-13T03:59:43.759] [ERROR] LIST - No list at : 126.5571947999986 - 37.4915246 - 126.61205687999859 - 37.51515721 at page 2
[2019-02-13T04:00:17.019] [ERROR] LIST - No list at : 126.61205687999859 - 37.4915246 - 126.66691895999858 - 37.51515721 at page 2
[2019-02-13T04:10:49.464] [ERROR] ITEM - waiting for selector ".biz_name_area > .name" failed: timeout 3500ms exceeded
[2019-02-13T04:10:49.464] [ERROR] ITEM - At Crawling : https://store.naver.com/restaurants/detail?id=32023222&query=%EB%AF%B8%EB%8F%84%EB%8B%A4%EB%B0%A9
[2019-02-13T04:10:56.575] [ERROR] ITEM - waiting for selector ".biz_name_area > .name" failed: timeout 3500ms exceeded
[2019-02-13T04:10:56.576] [ERROR] ITEM - At Crawling : https://store.naver.com/restaurants/detail?id=1508279432&query=%EB%AA%85COFFEE
[2019-02-13T04:12:09.582] [ERROR] LIST - No list at : 126.66691895999858 - 37.4915246 - 126.72178103999858 - 37.51515721 at page 16
[2019-02-13T04:56:59.731] [ERROR] LIST - No list at : 126.72178103999858 - 37.4915246 - 126.77664311999857 - 37.51515721 at page 55
[2019-02-13T05:01:28.143] [ERROR] ITEM - waiting for selector ".biz_name_area > .name" failed: timeout 3500ms exceeded
[2019-02-13T05:01:28.143] [ERROR] ITEM - At Crawling : https://store.naver.com/restaurants/detail?id=1315578869&query=%EB%A9%94%EA%B0%80%EC%BB%A4%ED%94%BC%EB%B6%80%EC%B2%9C%EC%9C%84%EB%B8%8C%EC%A0%90
[2019-02-13T05:08:28.574] [ERROR] LIST - No list at : 126.77664311999857 - 37.4915246 - 126.83150519999856 - 37.51515721 at page 14
[2019-02-13T05:20:03.108] [ERROR] ITEM - waiting for selector ".biz_name_area > .name" failed: timeout 3500ms exceeded
[2019-02-13T05:20:03.108] [ERROR] ITEM - At Crawling : https://store.naver.com/restaurants/detail?id=1036876742&query=%EA%B8%B8%EB%AA%A8%ED%89%81%EC%9D%B4
[2019-02-13T05:24:51.159] [ERROR] LIST - No list at : 126.83150519999856 - 37.4915246 - 126.88636727999855 - 37.51515721 at page 21
[2019-02-13T05:53:30.265] [ERROR] LIST - No list at : 126.88636727999855 - 37.4915246 - 126.94122935999854 - 37.51515721 at page 35
[2019-02-13T06:06:07.603] [ERROR] ITEM - waiting for selector ".biz_name_area > .name" failed: timeout 3500ms exceeded
[2019-02-13T06:06:07.604] [ERROR] ITEM - At Crawling : https://store.naver.com/restaurants/detail?id=358977452&query=%EC%B9%B4%ED%8E%98%EC%9C%A0%ED%94%84
[2019-02-13T06:16:33.546] [ERROR] LIST - No list at : 126.94122935999854 - 37.4915246 - 126.99609143999854 - 37.51515721 at page 29
[2019-02-13T06:57:24.009] [ERROR] ITEM - waiting for selector ".biz_name_area > .name" failed: timeout 3500ms exceeded
[2019-02-13T06:57:24.009] [ERROR] ITEM - At Crawling : https://store.naver.com/restaurants/detail?id=38479072&query=%ED%99%A9%EB%8B%A4%EB%B0%A9
[2019-02-13T07:06:38.960] [ERROR] ITEM - waiting for selector ".biz_name_area > .name" failed: timeout 3500ms exceeded
[2019-02-13T07:06:38.960] [ERROR] ITEM - At Crawling : https://store.naver.com/restaurants/detail?id=20897194&query=%EC%BB%A4%ED%94%BC%ED%8F%AC%EC%9C%A0
[2019-02-13T07:20:52.808] [ERROR] ITEM - waiting for selector ".biz_name_area > .name" failed: timeout 3500ms exceeded
[2019-02-13T07:20:52.808] [ERROR] ITEM - At Crawling : https://store.naver.com/restaurants/detail?id=32383008&query=%EC%B8%84%EB%A1%9C%EC%8A%A4%ED%83%80
[2019-02-13T07:23:00.497] [ERROR] ITEM - waiting for selector ".biz_name_area > .name" failed: timeout 3500ms exceeded
[2019-02-13T07:23:00.498] [ERROR] ITEM - At Crawling : https://store.naver.com/restaurants/detail?id=1206041659&query=%EC%98%A4%EC%BB%A4%ED%94%BC
[2019-02-13T07:25:26.434] [ERROR] ITEM - waiting for selector ".biz_name_area > .name" failed: timeout 3500ms exceeded
[2019-02-13T07:25:26.434] [ERROR] ITEM - At Crawling : https://store.naver.com/restaurants/detail?id=37816197&query=%EC%A5%AC%EC%8A%A4%EC%8B%9D%EC%8A%A4%20%EA%B0%95%EB%82%A8%EC%97%AD%EC%A7%80%ED%95%98%EC%83%81%EA%B0%80%EC%A0%90
[2019-02-13T07:35:06.109] [ERROR] ITEM - waiting for selector ".biz_name_area > .name" failed: timeout 3500ms exceeded
[2019-02-13T07:35:06.109] [ERROR] ITEM - At Crawling : https://store.naver.com/restaurants/detail?id=1771372176&query=%EB%9D%BC%EC%9D%B4%EC%8B%9C%EC%8A%A4
[2019-02-13T07:35:48.482] [ERROR] ITEM - waiting for selector ".biz_name_area > .name" failed: timeout 3500ms exceeded
[2019-02-13T07:35:48.482] [ERROR] ITEM - At Crawling : https://store.naver.com/restaurants/detail?id=61729994&query=%ED%94%84%EB%A6%AC%EC%9A%B0%EC%8A%A4
[2019-02-13T07:40:17.048] [ERROR] LIST - No list at : 126.99609143999854 - 37.4915246 - 127.05095351999853 - 37.51515721 at page 99
[2019-02-13T07:43:46.230] [ERROR] ITEM - waiting for selector ".biz_name_area > .name" failed: timeout 3500ms exceeded
[2019-02-13T07:43:46.230] [ERROR] ITEM - At Crawling : https://store.naver.com/restaurants/detail?id=1526882477&query=%EB%B2%84%ED%84%B0%ED%95%91%EA%B1%B0%20%EB%A1%AF%EB%8D%B0%EB%B0%B1%ED%99%94%EC%A0%90%EC%9E%A0%EC%8B%A4%EC%A0%90
[2019-02-13T07:55:28.523] [ERROR] ITEM - waiting for selector ".biz_name_area > .name" failed: timeout 3500ms exceeded
[2019-02-13T07:55:28.523] [ERROR] ITEM - At Crawling : https://store.naver.com/restaurants/detail?id=1000678582&query=%EB%9A%9C%EB%A0%88%EC%A5%AC%EB%A5%B4%20%EC%B9%B4%ED%8E%98%EB%8C%80%EC%B9%98
[2019-02-13T08:10:31.498] [ERROR] ITEM - waiting for selector ".biz_name_area > .name" failed: timeout 3500ms exceeded
[2019-02-13T08:10:31.499] [ERROR] ITEM - At Crawling : https://store.naver.com/restaurants/detail?id=35769725&query=%EB%A9%94%EC%A2%85%EB%93%9C%ED%81%AC%EB%A0%88%ED%8E%98
[2019-02-13T08:11:48.525] [ERROR] ITEM - waiting for selector ".biz_name_area > .name" failed: timeout 3500ms exceeded
[2019-02-13T08:11:48.525] [ERROR] ITEM - At Crawling : https://store.naver.com/restaurants/detail?id=1234945736&query=%EC%BD%94%EC%BD%94%ED%98%B8%EB%8F%84%20%EA%B0%95%EB%82%A8%EC%82%BC%EC%84%B1%EC%A0%90
[2019-02-13T08:13:53.402] [ERROR] ITEM - waiting for selector ".biz_name_area > .name" failed: timeout 3500ms exceeded
[2019-02-13T08:13:53.403] [ERROR] ITEM - At Crawling : https://store.naver.com/restaurants/detail?id=35677813&query=%EC%A0%9C%EB%84%A4%EB%9F%B4%EC%8A%A4%ED%86%A0%EC%96%B4
[2019-02-13T08:30:23.637] [ERROR] ITEM - waiting for selector ".biz_name_area > .name" failed: timeout 3500ms exceeded
[2019-02-13T08:30:23.637] [ERROR] ITEM - At Crawling : https://store.naver.com/restaurants/detail?id=1801880331&query=%EB%B9%99%EA%B3%BC%EC%9E%90
[2019-02-13T08:31:21.975] [ERROR] ITEM - waiting for selector ".biz_name_area > .name" failed: timeout 3500ms exceeded
[2019-02-13T08:31:21.976] [ERROR] ITEM - At Crawling : https://store.naver.com/restaurants/detail?id=38276967&query=%EB%8D%B8%EB%A6%AC%ED%95%98%EC%9E%84%20%EB%A1%AF%EB%8D%B0%EB%B0%B1%ED%99%94%EC%A0%90%EC%9E%A0%EC%8B%A4%EC%A0%90
[2019-02-13T08:35:51.503] [ERROR] LIST - No list at : 127.05095351999853 - 37.4915246 - 127.10581559999852 - 37.51515721 at page 66
[2019-02-13T08:38:45.756] [ERROR] ITEM - waiting for selector ".biz_name_area > .name" failed: timeout 3500ms exceeded
[2019-02-13T08:38:45.756] [ERROR] ITEM - At Crawling : https://store.naver.com/restaurants/detail?id=36836412&query=%ED%94%84%EB%A0%88%ED%83%80%EA%B5%AC%EB%96%BC
[2019-02-13T09:04:26.822] [ERROR] ITEM - waiting for selector ".biz_name_area > .name" failed: timeout 3500ms exceeded
[2019-02-13T09:04:26.822] [ERROR] ITEM - At Crawling : https://store.naver.com/restaurants/detail?id=18866547&query=%EB%B9%B5%EB%A7%88%EC%9D%84
[2019-02-13T09:06:38.223] [ERROR] LIST - No list at : 127.10581559999852 - 37.4915246 - 127.16067767999851 - 37.51515721 at page 36
[2019-02-13T09:07:06.382] [ERROR] LIST - No list at : 127.16067767999851 - 37.4915246 - 127.2155397599985 - 37.51515721 at page 2
[2019-02-13T09:07:46.367] [ERROR] LIST - No list at : 127.2155397599985 - 37.4915246 - 127.2704018399985 - 37.51515721 at page 2
[2019-02-13T09:08:12.161] [ERROR] LIST - No list at : 127.2704018399985 - 37.4915246 - 127.32526391999849 - 37.51515721 at page 2
[2019-02-13T09:08:23.745] [ERROR] LIST - No list at : 127.32526391999849 - 37.4915246 - 127.38012599999848 - 37.51515721 at page 1
[2019-02-13T09:08:56.732] [ERROR] ITEM - waiting for selector ".biz_name_area > .name" failed: timeout 3500ms exceeded
[2019-02-13T09:08:56.732] [ERROR] ITEM - At Crawling : https://store.naver.com/restaurants/detail?id=38251894&query=%EC%9A%94%EA%B1%B0%ED%94%84%EB%A0%88%EC%86%8C%20%EC%96%91%ED%8F%89%EA%B5%AD%EC%88%98%EC%A0%90
[2019-02-13T09:09:35.408] [ERROR] LIST - No list at : 127.38012599999848 - 37.4915246 - 127.43498807999848 - 37.51515721 at page 3
[2019-02-13T09:11:13.717] [ERROR] LIST - No list at : 127.43498807999848 - 37.4915246 - 127.48985015999847 - 37.51515721 at page 3
[2019-02-13T09:12:39.207] [ERROR] LIST - No list at : 127.48985015999847 - 37.4915246 - 127.54471223999846 - 37.51515721 at page 3
[2019-02-13T09:12:59.652] [ERROR] LIST - No list at : 127.54471223999846 - 37.4915246 - 127.59957431999845 - 37.51515721 at page 2
[2019-02-13T09:13:41.623] [ERROR] LIST - No list at : 127.59957431999845 - 37.4915246 - 127.65443639999845 - 37.51515721 at page 2
[2019-02-13T09:13:52.823] [ERROR] LIST - No list at : 126.55719479999846 - 37.51515721 - 126.61205687999845 - 37.53878982 at page 1
[2019-02-13T09:14:35.994] [ERROR] ITEM - waiting for selector ".biz_name_area > .name" failed: timeout 3500ms exceeded
[2019-02-13T09:14:35.995] [ERROR] ITEM - At Crawling : https://store.naver.com/restaurants/detail?id=37049832&query=AA%20COFFEE
[2019-02-13T09:21:09.905] [ERROR] ITEM - waiting for selector ".biz_name_area > .name" failed: timeout 3500ms exceeded
[2019-02-13T09:21:09.905] [ERROR] ITEM - At Crawling : https://store.naver.com/restaurants/detail?id=1139505842&query=%EB%8D%94%EC%B9%98%EC%95%A4%EB%B9%88%20%EC%B2%AD%EB%9D%BC2%EC%A7%80%EA%B5%AC%EC%A0%90
[2019-02-13T09:23:13.451] [ERROR] ITEM - waiting for selector ".biz_name_area > .name" failed: timeout 3500ms exceeded
[2019-02-13T09:23:13.451] [ERROR] ITEM - At Crawling : https://store.naver.com/restaurants/detail?id=1437194799&query=%ED%82%B4%EC%95%A4%EC%BD%A9%EC%93%B0%20%EC%B2%AD%EB%9D%BC%EC%A0%90
[2019-02-13T09:26:31.800] [ERROR] ITEM - waiting for selector ".biz_name_area > .name" failed: timeout 3500ms exceeded
[2019-02-13T09:26:31.800] [ERROR] ITEM - At Crawling : https://store.naver.com/restaurants/detail?id=261738156&query=%EC%B9%B4%ED%8E%98%ED%86%A0%EC%8A%A4%ED%94%BC%EC%95%84%20%EC%B2%AD%EB%9D%BC%EA%B2%BD%EC%84%9C%EC%A0%90
[2019-02-13T09:26:55.159] [ERROR] LIST - No list at : 126.61205687999845 - 37.51515721 - 126.66691895999844 - 37.53878982 at page 16
[2019-02-13T09:28:44.818] [ERROR] ITEM - waiting for selector ".biz_name_area > .name" failed: timeout 3500ms exceeded
[2019-02-13T09:28:44.818] [ERROR] ITEM - At Crawling : https://store.naver.com/restaurants/detail?id=1497914188&query=%EB%A9%94%EA%B0%80%EC%BB%A4%ED%94%BC%20%EB%A3%A8%EC%9B%90%EC%8B%9C%ED%8B%B0%EC%A0%90
[2019-02-13T09:29:21.089] [ERROR] ITEM - waiting for selector ".biz_name_area > .name" failed: timeout 3500ms exceeded
[2019-02-13T09:29:21.090] [ERROR] ITEM - At Crawling : https://store.naver.com/restaurants/detail?id=38009323&query=%EC%84%9C%EC%AA%BD%ED%95%98%EB%8A%98%EC%97%90%EB%B9%9B%EB%82%98%EB%8A%94%EB%B3%84%EB%8B%A4%EB%B9%88
[2019-02-13T09:30:52.032] [ERROR] ITEM - waiting for selector ".biz_name_area > .name" failed: timeout 3500ms exceeded
[2019-02-13T09:30:52.032] [ERROR] ITEM - At Crawling : https://store.naver.com/restaurants/detail?id=1464093476&query=%EC%88%98%ED%98%B8%EC%B9%B4%ED%8E%98
[2019-02-13T09:31:54.864] [ERROR] ITEM - waiting for selector ".biz_name_area > .name" failed: timeout 3500ms exceeded
[2019-02-13T09:31:54.865] [ERROR] ITEM - At Crawling : https://store.naver.com/restaurants/detail?id=38386068&query=%ED%8C%8C%EB%9E%80%EC%9A%B0%EC%82%B0%ED%9A%A8%EC%84%B1%EC%A0%90
[2019-02-13T09:33:49.391] [ERROR] ITEM - waiting for selector ".biz_name_area > .name" failed: timeout 3500ms exceeded
[2019-02-13T09:33:49.392] [ERROR] ITEM - At Crawling : https://store.naver.com/restaurants/detail?id=1818178058&query=%EC%BB%A4%ED%94%BC%EB%B0%80%ED%94%8C%EB%9F%AC%EC%8A%A4
[2019-02-13T09:34:56.177] [ERROR] LIST - No list at : 126.66691895999844 - 37.51515721 - 126.72178103999843 - 37.53878982 at page 10
[2019-02-13T09:47:34.819] [ERROR] ITEM - waiting for selector ".biz_name_area > .name" failed: timeout 3500ms exceeded
[2019-02-13T09:47:34.819] [ERROR] ITEM - At Crawling : https://store.naver.com/restaurants/detail?id=16644984&query=%EB%A1%AF%EB%8D%B0%EC%A0%9C%EA%B3%BC%EC%84%9C%EC%9D%B8%EC%B2%9C%EC%98%81%EC%97%85%EC%86%8C
[2019-02-13T09:48:28.640] [ERROR] LIST - No list at : 126.72178103999843 - 37.51515721 - 126.77664311999843 - 37.53878982 at page 16
[2019-02-13T09:57:34.651] [ERROR] LIST - No list at : 126.77664311999843 - 37.51515721 - 126.83150519999842 - 37.53878982 at page 12
[2019-02-13T10:02:33.048] [ERROR] ITEM - waiting for selector ".biz_name_area > .name" failed: timeout 3500ms exceeded
[2019-02-13T10:02:33.049] [ERROR] ITEM - At Crawling : https://store.naver.com/restaurants/detail?id=1278853649&query=%EC%BB%A4%ED%94%BC%EB%9E%91%EB%8F%84%EC%84%9C%EA%B4%80%20%EB%AA%A9%EB%8F%99%ED%8C%8C%EB%A6%AC%EA%B3%B5%EC%9B%90%EC%A0%90
[2019-02-13T10:03:28.959] [ERROR] ITEM - waiting for selector ".biz_name_area > .name" failed: timeout 3500ms exceeded
[2019-02-13T10:03:28.959] [ERROR] ITEM - At Crawling : https://store.naver.com/restaurants/detail?id=487561428&query=%EC%9D%B4%EB%94%94%EC%95%BC%EC%BB%A4%ED%94%BC%20%EA%B9%8C%EC%B9%98%EC%82%B0%EC%97%AD%EC%A0%90
[2019-02-13T10:14:04.958] [ERROR] ITEM - waiting for selector ".biz_name_area > .name" failed: timeout 3500ms exceeded
[2019-02-13T10:14:04.958] [ERROR] ITEM - At Crawling : https://store.naver.com/restaurants/detail?id=31397339&query=%EB%B8%94%EB%9D%BC%EC%8D%B8%EC%BB%B4%ED%8C%A8%EB%8B%88%EC%96%B8%EB%B2%A0%EC%9D%B4%EC%BB%A4%EB%A6%AC%EC%95%A4%EC%BB%A4%ED%94%BC
[2019-02-13T10:20:12.783] [ERROR] ITEM - waiting for selector ".biz_name_area > .name" failed: timeout 3500ms exceeded
[2019-02-13T10:20:12.783] [ERROR] ITEM - At Crawling : https://store.naver.com/restaurants/detail?id=20364667&query=%EB%A3%A8%EB%A3%A8%EC%BC%80%EC%9D%B5
[2019-02-13T10:23:24.621] [ERROR] ITEM - waiting for selector ".biz_name_area > .name" failed: timeout 3500ms exceeded
[2019-02-13T10:23:24.621] [ERROR] ITEM - At Crawling : https://store.naver.com/restaurants/detail?id=1125965913&query=%ED%8F%AC%ED%86%A0%EC%BC%80%EC%9D%B5
[2019-02-13T10:28:11.548] [ERROR] ITEM - waiting for selector ".biz_name_area > .name" failed: timeout 3500ms exceeded
[2019-02-13T10:28:11.548] [ERROR] ITEM - At Crawling : https://store.naver.com/restaurants/detail?id=12056018&query=%EB%A3%A8%EB%82%98%EB%9D%BC%EC%9D%B4%EB%B8%8C%ED%81%B4%EB%9F%BD
[2019-02-13T10:32:18.249] [ERROR] LIST - No list at : 126.83150519999842 - 37.51515721 - 126.88636727999841 - 37.53878982 at page 40
[2019-02-13T10:38:44.316] [ERROR] ITEM - waiting for selector ".biz_name_area > .name" failed: timeout 3500ms exceeded
[2019-02-13T10:38:44.316] [ERROR] ITEM - At Crawling : https://store.naver.com/restaurants/detail?id=11689842&query=%EC%8A%A4%ED%83%80%EB%B2%85%EC%8A%A4%20%EC%84%9C%EC%97%AC%EC%9D%98%EB%8F%84%EC%A0%90
[2019-02-13T10:39:55.729] [ERROR] ITEM - waiting for selector ".biz_name_area > .name" failed: timeout 3500ms exceeded
[2019-02-13T10:39:55.729] [ERROR] ITEM - At Crawling : https://store.naver.com/restaurants/detail?id=20104192&query=%ED%88%AC%EC%8D%B8%ED%94%8C%EB%A0%88%EC%9D%B4%EC%8A%A4%EC%97%AC%EC%9D%98%EB%8F%84KBS%EB%B3%84%EA%B4%80%EC%A0%90
[2019-02-13T10:52:46.917] [ERROR] ITEM - waiting for selector ".biz_name_area > .name" failed: timeout 3500ms exceeded
[2019-02-13T10:52:46.917] [ERROR] ITEM - At Crawling : https://store.naver.com/restaurants/detail?id=35524154&query=%EC%B9%B4%ED%8E%98%EB%B9%85%EC%8A%A4%EC%BC%80%EC%9D%BC
[2019-02-13T10:56:06.322] [ERROR] ITEM - waiting for selector ".biz_name_area > .name" failed: timeout 3500ms exceeded
[2019-02-13T10:56:06.323] [ERROR] ITEM - At Crawling : https://store.naver.com/restaurants/detail?id=1760748776&query=%EB%A3%A8%EB%B2%84%EC%8A%A4%EC%B9%B4%ED%8E%98
[2019-02-13T11:01:07.173] [ERROR] ITEM - waiting for selector ".biz_name_area > .name" failed: timeout 3500ms exceeded
[2019-02-13T11:01:07.173] [ERROR] ITEM - At Crawling : https://store.naver.com/restaurants/detail?id=33879292&query=%EB%9F%AC%EB%B8%8C%EC%9D%B8%EB%9F%AC%EB%B8%8C%20%EC%97%AC%EC%9D%98%EB%8F%84%EC%A0%90
[2019-02-13T11:03:34.388] [ERROR] ITEM - waiting for selector ".biz_name_area > .name" failed: timeout 3500ms exceeded
[2019-02-13T11:03:34.389] [ERROR] ITEM - At Crawling : https://store.naver.com/restaurants/detail?id=1706474756&query=%EB%84%A4%EC%9D%B4%EC%B2%98%EC%85%80%EC%B9%B4%ED%8E%98
[2019-02-13T11:05:08.590] [ERROR] ITEM - waiting for selector ".biz_name_area > .name" failed: timeout 3500ms exceeded
[2019-02-13T11:05:08.590] [ERROR] ITEM - At Crawling : https://store.naver.com/restaurants/detail?id=34738926&query=%EB%9D%BC%EB%B9%84%EC%A5%AC
[2019-02-13T11:11:11.999] [ERROR] ITEM - waiting for selector ".biz_name_area > .name" failed: timeout 3500ms exceeded
[2019-02-13T11:11:11.999] [ERROR] ITEM - At Crawling : https://store.naver.com/restaurants/detail?id=1420536771&query=%EC%BB%A4%ED%94%BC%ED%80%98%EC%8A%A4%ED%8A%B8
[2019-02-13T11:14:42.637] [ERROR] ITEM - waiting for selector ".biz_name_area > .name" failed: timeout 3500ms exceeded
[2019-02-13T11:14:42.637] [ERROR] ITEM - At Crawling : https://store.naver.com/restaurants/detail?id=1382900276&query=%EC%B9%B4%ED%8E%98%20%EB%B8%8C%EB%A6%B4%EB%9E%80%EB%96%BC
[2019-02-13T11:18:10.469] [ERROR] LIST - No list at : 126.88636727999841 - 37.51515721 - 126.9412293599984 - 37.53878982 at page 53
[2019-02-13T11:34:27.809] [ERROR] ITEM - waiting for selector ".biz_name_area > .name" failed: timeout 3500ms exceeded
[2019-02-13T11:34:27.809] [ERROR] ITEM - At Crawling : https://store.naver.com/restaurants/detail?id=1501011816&query=%EC%95%84%ED%8B%B0%EC%A0%9C%EC%95%84%EC%9D%B4%ED%8C%8C%ED%81%AC%EB%AA%B0%EC%8B%A0%EB%9D%BC%EB%A9%B4%EC%84%B8%EC%A0%90
[2019-02-13T11:39:53.812] [ERROR] ITEM - waiting for selector ".biz_name_area > .name" failed: timeout 3500ms exceeded
[2019-02-13T11:39:53.813] [ERROR] ITEM - At Crawling : https://store.naver.com/restaurants/detail?id=35418317&query=%EC%95%84%EB%B6%95
[2019-02-13T11:41:09.165] [ERROR] ITEM - waiting for selector ".biz_name_area > .name" failed: timeout 3500ms exceeded
[2019-02-13T11:41:09.166] [ERROR] ITEM - At Crawling : https://store.naver.com/restaurants/detail?id=715003190&query=%EC%BB%A4%ED%94%BC%EC%A0%95%EA%B1%B0%EC%9E%A5
[2019-02-13T11:42:39.636] [ERROR] LIST - No list at : 126.9412293599984 - 37.51515721 - 126.9960914399984 - 37.53878982 at page 30
[2019-02-13T12:03:18.975] [ERROR] ITEM - waiting for selector ".biz_name_area > .name" failed: timeout 3500ms exceeded
[2019-02-13T12:03:18.975] [ERROR] ITEM - At Crawling : https://store.naver.com/restaurants/detail?id=1655955161&query=FILM%20CAFE%20BRADANA
[2019-02-13T12:09:52.650] [ERROR] ITEM - waiting for selector ".biz_name_area > .name" failed: timeout 3500ms exceeded
[2019-02-13T12:09:52.650] [ERROR] ITEM - At Crawling : https://store.naver.com/restaurants/detail?id=241323363&query=%EB%A1%9C%EA%B3%A0%EC%8A%A4%ED%83%80
[2019-02-13T12:22:16.698] [ERROR] ITEM - waiting for selector ".biz_name_area > .name" failed: timeout 3500ms exceeded
[2019-02-13T12:22:16.698] [ERROR] ITEM - At Crawling : https://store.naver.com/restaurants/detail?id=1871750742&query=TANI%20COFFEE
[2019-02-13T12:24:19.880] [ERROR] ITEM - waiting for selector ".biz_name_area > .name" failed: timeout 3500ms exceeded
[2019-02-13T12:24:19.881] [ERROR] ITEM - At Crawling : https://store.naver.com/restaurants/detail?id=13464004&query=%ED%9B%84%EB%A0%88%EC%89%AC%EC%96%B4%EB%B0%98
[2019-02-13T12:38:42.679] [ERROR] LIST - No list at : 126.9960914399984 - 37.51515721 - 127.05095351999839 - 37.53878982 at page 67
[2019-02-13T12:49:03.561] [ERROR] ITEM - waiting for selector ".biz_name_area > .name" failed: timeout 3500ms exceeded
[2019-02-13T12:49:03.561] [ERROR] ITEM - At Crawling : https://store.naver.com/restaurants/detail?id=1951478994&query=%EC%B9%B4%ED%8E%98%20%EB%AC%B8
[2019-02-13T12:55:08.284] [ERROR] ITEM - waiting for selector ".biz_name_area > .name" failed: timeout 3500ms exceeded
[2019-02-13T12:55:08.284] [ERROR] ITEM - At Crawling : https://store.naver.com/restaurants/detail?id=18465441&query=%ED%8C%8C%EB%9E%91%EC%83%88%EC%B9%B4%ED%8E%98
[2019-02-13T12:57:56.691] [ERROR] LIST - No list at : 127.05095351999839 - 37.51515721 - 127.10581559999838 - 37.53878982 at page 24
[2019-02-13T13:08:15.099] [ERROR] ITEM - waiting for selector ".biz_name_area > .name" failed: timeout 3500ms exceeded
[2019-02-13T13:08:15.099] [ERROR] ITEM - At Crawling : https://store.naver.com/restaurants/detail?id=31077642&query=%EC%B9%B4%ED%8E%98%EC%9D%B8
[2019-02-13T13:09:54.653] [ERROR] ITEM - waiting for selector ".biz_name_area > .name" failed: timeout 3500ms exceeded
[2019-02-13T13:09:54.653] [ERROR] ITEM - At Crawling : https://store.naver.com/restaurants/detail?id=20633914&query=%EC%A0%9C%EB%B9%B5%EC%99%95
[2019-02-13T13:19:58.125] [ERROR] ITEM - waiting for selector ".biz_name_area > .name" failed: timeout 3500ms exceeded
[2019-02-13T13:19:58.126] [ERROR] ITEM - At Crawling : https://store.naver.com/restaurants/detail?id=31206938&query=%EA%B7%B8%EB%A3%A8%EB%B8%8C%EC%8B%9C%ED%8B%B0%20%EC%BB%A4%ED%94%BC
[2019-02-13T13:20:37.827] [ERROR] ITEM - waiting for selector ".biz_name_area > .name" failed: timeout 3500ms exceeded
[2019-02-13T13:20:37.827] [ERROR] ITEM - At Crawling : https://store.naver.com/restaurants/detail?id=1409451499&query=%EC%9D%B8%EB%8D%94%EC%B9%B4%ED%8E%98
[2019-02-13T13:20:59.648] [ERROR] ITEM - waiting for selector ".biz_name_area > .name" failed: timeout 3500ms exceeded
[2019-02-13T13:20:59.648] [ERROR] ITEM - At Crawling : https://store.naver.com/restaurants/detail?id=31843024&query=%EC%BB%A4%ED%94%BC%ED%96%A5%EA%B8%B0
[2019-02-13T13:21:59.913] [ERROR] LIST - No list at : 127.10581559999838 - 37.51515721 - 127.16067767999837 - 37.53878982 at page 28
[2019-02-13T13:24:48.985] [ERROR] LIST - No list at : 127.16067767999837 - 37.51515721 - 127.21553975999836 - 37.53878982 at page 5
[2019-02-13T13:26:17.498] [ERROR] LIST - No list at : 127.21553975999836 - 37.51515721 - 127.27040183999836 - 37.53878982 at page 3
[2019-02-13T13:27:15.311] [ERROR] LIST - No list at : 127.27040183999836 - 37.51515721 - 127.32526391999835 - 37.53878982 at page 2
[2019-02-13T13:27:31.818] [ERROR] LIST - No list at : 127.32526391999835 - 37.51515721 - 127.38012599999834 - 37.53878982 at page 2
[2019-02-13T13:27:40.216] [ERROR] ITEM - waiting for selector ".biz_name_area > .name" failed: timeout 3500ms exceeded
[2019-02-13T13:27:40.217] [ERROR] ITEM - At Crawling : https://store.naver.com/restaurants/detail?id=1781459820&query=%EC%98%81%ED%9D%AC%EB%84%A4%EC%B0%90%EB%B9%B5
[2019-02-13T13:27:51.441] [ERROR] LIST - No list at : 127.38012599999834 - 37.51515721 - 127.43498807999833 - 37.53878982 at page 2
[2019-02-13T13:28:41.416] [ERROR] LIST - No list at : 127.43498807999833 - 37.51515721 - 127.48985015999833 - 37.53878982 at page 2
[2019-02-13T13:29:07.921] [ERROR] LIST - No list at : 127.48985015999833 - 37.51515721 - 127.54471223999832 - 37.53878982 at page 2
[2019-02-13T13:29:28.955] [ERROR] LIST - No list at : 127.54471223999832 - 37.51515721 - 127.59957431999831 - 37.53878982 at page 2
[2019-02-13T13:29:50.835] [ERROR] LIST - No list at : 127.59957431999831 - 37.51515721 - 127.6544363999983 - 37.53878982 at page 2
[2019-02-13T13:30:05.112] [ERROR] LIST - No list at : 126.55719479999831 - 37.53878982 - 126.6120568799983 - 37.56242243 at page 2
[2019-02-13T13:31:16.280] [ERROR] LIST - No list at : 126.6120568799983 - 37.53878982 - 126.6669189599983 - 37.56242243 at page 3
[2019-02-13T13:34:56.015] [ERROR] ITEM - waiting for selector ".biz_name_area > .name" failed: timeout 3500ms exceeded
[2019-02-13T13:34:56.015] [ERROR] ITEM - At Crawling : https://store.naver.com/restaurants/detail?id=34087860&query=%EA%B3%A0%EA%B8%B0%EA%B5%BD%EB%8A%94%EC%B9%B4%ED%8E%98%EC%A1%B0%EC%84%A0%20%EC%84%9C%EA%B5%AC%EC%B2%AD%EC%A0%90
[2019-02-13T13:35:12.645] [ERROR] LIST - No list at : 126.6669189599983 - 37.53878982 - 126.72178103999829 - 37.56242243 at page 6
[2019-02-13T13:42:55.777] [ERROR] LIST - No list at : 126.72178103999829 - 37.53878982 - 126.77664311999828 - 37.56242243 at page 11
[2019-02-13T13:47:47.423] [ERROR] ITEM - waiting for selector ".biz_name_area > .name" failed: timeout 3500ms exceeded
[2019-02-13T13:47:47.423] [ERROR] ITEM - At Crawling : https://store.naver.com/restaurants/detail?id=18365742&query=%EC%A0%95%EB%8B%A4%EB%B0%A9
[2019-02-13T13:48:49.371] [ERROR] LIST - No list at : 126.77664311999828 - 37.53878982 - 126.83150519999828 - 37.56242243 at page 8
[2019-02-13T14:09:37.981] [ERROR] ITEM - waiting for selector ".biz_name_area > .name" failed: timeout 3500ms exceeded
[2019-02-13T14:09:37.981] [ERROR] ITEM - At Crawling : https://store.naver.com/restaurants/detail?id=1561329252&query=%EC%86%A1%EC%82%AC%EB%B6%80%EC%88%98%EC%A0%9C%EC%8C%80%EA%B3%A0%EB%A1%9C%EC%BC%80%20NC%EA%B0%95%EC%84%9C%EC%A0%90
[2019-02-13T14:18:33.637] [ERROR] ITEM - waiting for selector ".biz_name_area > .name" failed: timeout 3500ms exceeded
[2019-02-13T14:18:33.638] [ERROR] ITEM - At Crawling : https://store.naver.com/restaurants/detail?id=36689257&query=%EB%A7%88%EB%85%B8%EC%8A%A4%EC%B9%B4%ED%8E%98
[2019-02-13T14:19:18.362] [ERROR] LIST - No list at : 126.83150519999828 - 37.53878982 - 126.88636727999827 - 37.56242243 at page 36
[2019-02-13T15:13:25.385] [ERROR] ITEM - waiting for selector ".biz_name_area > .name" failed: timeout 3500ms exceeded
[2019-02-13T15:13:25.385] [ERROR] ITEM - At Crawling : https://store.naver.com/restaurants/detail?id=1091677915&query=%EC%8A%A4%EC%9C%97%ED%9D%AC
[2019-02-13T15:58:54.911] [ERROR] LIST - No list at : 126.88636727999827 - 37.53878982 - 126.94122935999826 - 37.56242243 at page 115
[2019-02-13T16:18:13.824] [ERROR] ITEM - waiting for selector ".biz_name_area > .name" failed: timeout 3500ms exceeded
[2019-02-13T16:18:13.824] [ERROR] ITEM - At Crawling : https://store.naver.com/restaurants/detail?id=730225389&query=%ED%8F%AC%ED%8A%B8%EB%84%98%EC%95%A4%EB%A9%94%EC%9D%B4%EC%8A%A8%20%EC%8B%A0%EC%84%B8%EA%B3%84%EB%B0%B1%ED%99%94%EC%A0%90%EB%B3%B8%EC%A0%90
[2019-02-13T16:18:56.860] [ERROR] ITEM - waiting for selector ".biz_name_area > .name" failed: timeout 3500ms exceeded
[2019-02-13T16:18:56.860] [ERROR] ITEM - At Crawling : https://store.naver.com/restaurants/detail?id=139615059&query=%EC%A5%AC%EC%94%A8%20%EC%84%9C%EC%9A%B8%EC%97%AD%EA%B4%91%EC%9E%A5%EC%A0%90
[2019-02-13T16:27:13.807] [ERROR] ITEM - waiting for selector ".biz_name_area > .name" failed: timeout 3500ms exceeded
[2019-02-13T16:27:13.807] [ERROR] ITEM - At Crawling : https://store.naver.com/restaurants/detail?id=1703630513&query=404
[2019-02-13T16:47:29.362] [ERROR] ITEM - waiting for selector ".biz_name_area > .name" failed: timeout 3500ms exceeded
[2019-02-13T16:47:29.362] [ERROR] ITEM - At Crawling : https://store.naver.com/restaurants/detail?id=1835181937&query=%EB%91%90%EC%B9%B4%ED%8E%98
[2019-02-13T17:01:53.019] [ERROR] LIST - No list at : 126.94122935999826 - 37.53878982 - 126.99609143999825 - 37.56242243 at page 77
[2019-02-13T17:03:00.565] [ERROR] ITEM - waiting for selector ".biz_name_area > .name" failed: timeout 3500ms exceeded
[2019-02-13T17:03:00.565] [ERROR] ITEM - At Crawling : https://store.naver.com/restaurants/detail?id=1976097430&query=%ED%82%A4%EC%BB%A4%ED%94%BC%20%EC%BB%B4%ED%8D%BC%EB%8B%88
[2019-02-13T17:30:12.289] [ERROR] LIST - No list at : 126.99609143999825 - 37.53878982 - 127.05095351999825 - 37.56242243 at page 36
[2019-02-13T18:04:35.392] [ERROR] LIST - No list at : 127.05095351999825 - 37.53878982 - 127.10581559999824 - 37.56242243 at page 43
[2019-02-13T18:13:15.711] [ERROR] ITEM - waiting for selector ".biz_name_area > .name" failed: timeout 3500ms exceeded
[2019-02-13T18:13:15.711] [ERROR] ITEM - At Crawling : https://store.naver.com/restaurants/detail?id=18634518&query=%ED%8C%8C%EB%A6%AC%EB%B0%94%EA%B2%8C%EB%9C%A8%20%EC%95%94%EC%82%AC%EB%B8%8C%EB%9D%BC%EC%9A%B4%EC%8A%A4%ED%86%A4%EC%A0%90
[2019-02-13T18:14:22.712] [ERROR] ITEM - waiting for selector ".biz_name_area > .name" failed: timeout 3500ms exceeded
[2019-02-13T18:14:22.712] [ERROR] ITEM - At Crawling : https://store.naver.com/restaurants/detail?id=36422290&query=%EC%BB%A4%ED%94%BC%EB%8D%B0%EC%9D%B4
[2019-02-13T18:24:34.200] [ERROR] LIST - No list at : 127.10581559999824 - 37.53878982 - 127.16067767999823 - 37.56242243 at page 24
[2019-02-13T18:33:34.298] [ERROR] LIST - No list at : 127.16067767999823 - 37.53878982 - 127.21553975999822 - 37.56242243 at page 12
[2019-02-13T18:37:19.313] [ERROR] LIST - No list at : 127.21553975999822 - 37.53878982 - 127.27040183999821 - 37.56242243 at page 6
[2019-02-13T18:38:32.149] [ERROR] LIST - No list at : 127.27040183999821 - 37.53878982 - 127.3252639199982 - 37.56242243 at page 3
[2019-02-13T18:39:03.744] [ERROR] LIST - No list at : 127.3252639199982 - 37.53878982 - 127.3801259999982 - 37.56242243 at page 2
[2019-02-13T18:39:14.850] [ERROR] LIST - No list at : 127.3801259999982 - 37.53878982 - 127.43498807999819 - 37.56242243 at page 1
[2019-02-13T18:39:34.048] [ERROR] LIST - No list at : 127.43498807999819 - 37.53878982 - 127.48985015999818 - 37.56242243 at page 2
[2019-02-13T18:39:53.372] [ERROR] LIST - No list at : 127.48985015999818 - 37.53878982 - 127.54471223999818 - 37.56242243 at page 2
[2019-02-13T18:40:15.166] [ERROR] LIST - No list at : 127.54471223999818 - 37.53878982 - 127.59957431999817 - 37.56242243 at page 2
[2019-02-13T18:40:29.280] [ERROR] LIST - No list at : 127.59957431999817 - 37.53878982 - 127.65443639999816 - 37.56242243 at page 2
[2019-02-13T18:40:40.409] [ERROR] LIST - No list at : 126.55719479999817 - 37.56242243 - 126.61205687999816 - 37.58605504 at page 1
[2019-02-13T18:40:51.584] [ERROR] LIST - No list at : 126.61205687999816 - 37.56242243 - 126.66691895999816 - 37.58605504 at page 1
[2019-02-13T18:43:06.603] [ERROR] LIST - No list at : 126.66691895999816 - 37.56242243 - 126.72178103999815 - 37.58605504 at page 4
[2019-02-13T18:44:29.705] [ERROR] LIST - No list at : 126.72178103999815 - 37.56242243 - 126.77664311999814 - 37.58605504 at page 3
[2019-02-13T18:55:41.144] [ERROR] LIST - No list at : 126.77664311999814 - 37.56242243 - 126.83150519999813 - 37.58605504 at page 15
[2019-02-13T18:59:54.817] [ERROR] LIST - No list at : 126.83150519999813 - 37.56242243 - 126.88636727999813 - 37.58605504 at page 6
[2019-02-13T19:16:17.820] [ERROR] ITEM - waiting for selector ".biz_name_area > .name" failed: timeout 3500ms exceeded
[2019-02-13T19:16:17.820] [ERROR] ITEM - At Crawling : https://store.naver.com/restaurants/detail?id=12971412&query=%EB%B0%B0%EC%8A%A4%ED%82%A8%EB%9D%BC%EB%B9%88%EC%8A%A4%20%EC%83%81%EC%95%94%ED%99%88%ED%94%8C%EB%9F%AC%EC%8A%A4%EC%A0%90
[2019-02-13T19:32:34.385] [ERROR] LIST - No list at : 126.88636727999813 - 37.56242243 - 126.94122935999812 - 37.58605504 at page 41
[2019-02-13T19:51:43.265] [ERROR] ITEM - waiting for selector ".biz_name_area > .name" failed: timeout 3500ms exceeded
[2019-02-13T19:51:43.266] [ERROR] ITEM - At Crawling : https://store.naver.com/restaurants/detail?id=1406383223&query=%EC%97%90%EB%A7%A5%EC%95%A4%EB%B3%BC%EB%A6%AC%EC%98%A4%EC%8A%A4%20%EC%9D%84%EC%A7%80%EB%A1%9C%EC%A0%90
[2019-02-13T20:17:26.641] [ERROR] ITEM - waiting for selector ".biz_name_area > .name" failed: timeout 3500ms exceeded
[2019-02-13T20:17:26.642] [ERROR] ITEM - At Crawling : https://store.naver.com/restaurants/detail?id=514525522&query=%EB%B6%88%EB%8F%85%EC%BB%A4%ED%94%BC%20%EC%B6%A9%EB%AC%B4%EB%A1%9C%EC%A0%90
[2019-02-13T20:42:18.062] [ERROR] ITEM - waiting for selector ".biz_name_area > .name" failed: timeout 3500ms exceeded
[2019-02-13T20:42:18.062] [ERROR] ITEM - At Crawling : https://store.naver.com/restaurants/detail?id=1035619969&query=%EB%A7%A8%EC%9D%B8%EC%BB%A4%ED%94%BC%20%EC%86%8C%EA%B3%B5%EB%8F%99%EC%A0%90
[2019-02-13T20:56:13.820] [ERROR] LIST - No list at : 126.94122935999812 - 37.56242243 - 126.99609143999811 - 37.58605504 at page 101
[2019-02-13T21:49:04.630] [ERROR] LIST - No list at : 126.99609143999811 - 37.56242243 - 127.0509535199981 - 37.58605504 at page 64
[2019-02-13T22:07:58.401] [ERROR] LIST - No list at : 127.0509535199981 - 37.56242243 - 127.1058155999981 - 37.58605504 at page 24
[2019-02-13T22:08:58.162] [ERROR] LIST - No list at : 127.1058155999981 - 37.56242243 - 127.16067767999809 - 37.58605504 at page 2
[2019-02-13T22:14:39.085] [ERROR] LIST - No list at : 127.16067767999809 - 37.56242243 - 127.21553975999808 - 37.58605504 at page 8
[2019-02-13T22:16:03.058] [ERROR] LIST - No list at : 127.21553975999808 - 37.56242243 - 127.27040183999807 - 37.58605504 at page 3
[2019-02-13T22:16:20.552] [ERROR] LIST - No list at : 127.27040183999807 - 37.56242243 - 127.32526391999806 - 37.58605504 at page 2
[2019-02-13T22:16:45.660] [ERROR] LIST - No list at : 127.32526391999806 - 37.56242243 - 127.38012599999806 - 37.58605504 at page 2
[2019-02-13T22:16:59.758] [ERROR] LIST - No list at : 127.38012599999806 - 37.56242243 - 127.43498807999805 - 37.58605504 at page 2
[2019-02-13T22:17:10.919] [ERROR] LIST - No list at : 127.43498807999805 - 37.56242243 - 127.48985015999804 - 37.58605504 at page 1
[2019-02-13T22:17:22.097] [ERROR] LIST - No list at : 127.48985015999804 - 37.56242243 - 127.54471223999803 - 37.58605504 at page 1
[2019-02-13T22:17:33.264] [ERROR] LIST - No list at : 127.54471223999803 - 37.56242243 - 127.59957431999803 - 37.58605504 at page 1
[2019-02-13T22:17:44.456] [ERROR] LIST - No list at : 127.59957431999803 - 37.56242243 - 127.65443639999802 - 37.58605504 at page 1
[2019-02-13T22:18:00.933] [ERROR] LIST - No list at : 126.55719479999803 - 37.58605504 - 126.61205687999802 - 37.60968765 at page 2
[2019-02-13T22:21:07.619] [ERROR] LIST - No list at : 126.61205687999802 - 37.58605504 - 126.66691895999801 - 37.60968765 at page 5
[2019-02-13T22:26:25.578] [ERROR] LIST - No list at : 126.66691895999801 - 37.58605504 - 126.721781039998 - 37.60968765 at page 8
[2019-02-13T22:30:07.309] [ERROR] LIST - No list at : 126.721781039998 - 37.58605504 - 126.776643119998 - 37.60968765 at page 5
[2019-02-13T22:32:19.604] [ERROR] LIST - No list at : 126.776643119998 - 37.58605504 - 126.83150519999799 - 37.60968765 at page 3
[2019-02-13T22:32:58.424] [ERROR] LIST - No list at : 126.83150519999799 - 37.58605504 - 126.88636727999798 - 37.60968765 at page 2
[2019-02-13T22:37:48.385] [ERROR] ITEM - waiting for selector ".biz_name_area > .name" failed: timeout 3500ms exceeded
[2019-02-13T22:37:48.385] [ERROR] ITEM - At Crawling : https://store.naver.com/restaurants/detail?id=38561957&query=%EC%98%AC%EB%B0%94%EB%A5%B8%20%EC%BB%A4%ED%94%BC
[2019-02-13T22:48:44.756] [ERROR] LIST - No list at : 126.88636727999798 - 37.58605504 - 126.94122935999798 - 37.60968765 at page 19
[2019-02-13T22:58:39.213] [ERROR] LIST - No list at : 126.94122935999798 - 37.58605504 - 126.99609143999797 - 37.60968765 at page 13
[2019-02-13T23:21:32.955] [ERROR] ITEM - waiting for selector ".biz_name_area > .name" failed: timeout 3500ms exceeded
[2019-02-13T23:21:32.956] [ERROR] ITEM - At Crawling : https://store.naver.com/restaurants/detail?id=11690138&query=%ED%8C%8C%EB%A6%AC%EB%B0%94%EA%B2%8C%EB%9C%A8%20%EC%9B%94%EA%B3%A1%EB%91%90%EC%82%B0%EC%A0%90
[2019-02-13T23:25:26.037] [ERROR] ITEM - waiting for selector ".biz_name_area > .name" failed: timeout 3500ms exceeded
[2019-02-13T23:25:26.037] [ERROR] ITEM - At Crawling : https://store.naver.com/restaurants/detail?id=36327628&query=%ED%95%9C%EC%8B%A0%ED%9C%B4%EC%95%84%ED%8C%8C%ED%8A%B8%EB%B6%81%EC%B9%B4%ED%8E%98
[2019-02-13T23:36:09.361] [ERROR] LIST - No list at : 126.99609143999797 - 37.58605504 - 127.05095351999796 - 37.60968765 at page 42
[2019-02-13T23:36:45.185] [ERROR] ITEM - waiting for selector ".biz_name_area > .name" failed: timeout 3500ms exceeded
[2019-02-13T23:36:45.186] [ERROR] ITEM - At Crawling : https://store.naver.com/restaurants/detail?id=1532453360&query=%EC%83%81%EB%B4%89%EC%BB%A4%ED%94%BC
[2019-02-13T23:42:03.113] [ERROR] ITEM - waiting for selector ".biz_name_area > .name" failed: timeout 3500ms exceeded
[2019-02-13T23:42:03.113] [ERROR] ITEM - At Crawling : https://store.naver.com/restaurants/detail?id=32096940&query=%EC%89%B4%EB%A7%8C%ED%95%9C%EB%AC%BC%EA%B0%80
[2019-02-13T23:56:15.685] [ERROR] ITEM - waiting for selector ".biz_name_area > .name" failed: timeout 3500ms exceeded
[2019-02-13T23:56:15.685] [ERROR] ITEM - At Crawling : https://store.naver.com/restaurants/detail?id=1036340531&query=%EC%B9%B4%ED%8E%98MUK149
[2019-02-14T00:00:53.976] [ERROR] ITEM - waiting for selector ".biz_name_area > .name" failed: timeout 3500ms exceeded
[2019-02-14T00:00:53.976] [ERROR] ITEM - At Crawling : https://store.naver.com/restaurants/detail?id=34625105&query=%EC%BB%A4%ED%94%BC%EB%8B%99%EC%8A%A4
[2019-02-14T00:04:20.184] [ERROR] ITEM - waiting for selector ".biz_name_area > .name" failed: timeout 3500ms exceeded
[2019-02-14T00:04:20.184] [ERROR] ITEM - At Crawling : https://store.naver.com/restaurants/detail?id=35750959&query=%EA%B3%B5%EC%9E%91%EC%86%8CCafe%26Pub
[2019-02-14T00:06:16.690] [ERROR] LIST - No list at : 127.05095351999796 - 37.58605504 - 127.10581559999795 - 37.60968765 at page 36
[2019-02-14T00:07:39.453] [ERROR] ITEM - waiting for selector ".biz_name_area > .name" failed: timeout 3500ms exceeded
[2019-02-14T00:07:39.453] [ERROR] ITEM - At Crawling : https://store.naver.com/restaurants/detail?id=1220262521&query=101%ED%95%98%EC%9A%B0%EC%8A%A4%EC%95%A0%EA%B2%AC%EC%B9%B4%ED%8E%98
[2019-02-14T00:15:05.804] [ERROR] ITEM - waiting for selector ".biz_name_area > .name" failed: timeout 3500ms exceeded
[2019-02-14T00:15:05.804] [ERROR] ITEM - At Crawling : https://store.naver.com/restaurants/detail?id=1709841110&query=%EC%B9%B4%ED%8E%98%20%EB%B4%84
[2019-02-14T00:23:03.226] [ERROR] LIST - No list at : 127.10581559999795 - 37.58605504 - 127.16067767999795 - 37.60968765 at page 21
[2019-02-14T00:25:18.984] [ERROR] LIST - No list at : 127.16067767999795 - 37.58605504 - 127.21553975999794 - 37.60968765 at page 4
[2019-02-14T00:26:37.592] [ERROR] LIST - No list at : 127.21553975999794 - 37.58605504 - 127.27040183999793 - 37.60968765 at page 3
[2019-02-14T00:27:08.645] [ERROR] LIST - No list at : 127.27040183999793 - 37.58605504 - 127.32526391999792 - 37.60968765 at page 2
[2019-02-14T00:29:32.646] [ERROR] LIST - No list at : 127.32526391999792 - 37.58605504 - 127.38012599999792 - 37.60968765 at page 4
[2019-02-14T00:30:10.417] [ERROR] LIST - No list at : 127.38012599999792 - 37.58605504 - 127.43498807999791 - 37.60968765 at page 2
[2019-02-14T00:30:24.639] [ERROR] LIST - No list at : 127.43498807999791 - 37.58605504 - 127.4898501599979 - 37.60968765 at page 2
[2019-02-14T00:30:46.559] [ERROR] LIST - No list at : 127.4898501599979 - 37.58605504 - 127.54471223999789 - 37.60968765 at page 2
[2019-02-14T00:30:57.749] [ERROR] LIST - No list at : 127.54471223999789 - 37.58605504 - 127.59957431999788 - 37.60968765 at page 1
[2019-02-14T00:31:08.931] [ERROR] LIST - No list at : 127.59957431999788 - 37.58605504 - 127.65443639999788 - 37.60968765 at page 1
[2019-02-14T00:31:20.099] [ERROR] LIST - No list at : 126.55719479999789 - 37.60968765 - 126.61205687999788 - 37.63332026 at page 1
[2019-02-14T00:32:10.579] [ERROR] LIST - No list at : 126.61205687999788 - 37.60968765 - 126.66691895999787 - 37.63332026 at page 2
[2019-02-14T00:33:56.746] [ERROR] ITEM - waiting for selector ".biz_name_area > .name" failed: timeout 3500ms exceeded
[2019-02-14T00:33:56.747] [ERROR] ITEM - At Crawling : https://store.naver.com/restaurants/detail?id=38232298&query=%EB%B9%BD%EB%8B%A4%EB%B0%A9%20%EA%B9%80%ED%8F%AC%EC%82%AC%EC%9A%B0%EA%B3%B5%EC%9B%90%EC%A0%90
[2019-02-14T00:38:30.713] [ERROR] LIST - No list at : 126.66691895999787 - 37.60968765 - 126.72178103999786 - 37.63332026 at page 9
[2019-02-14T00:40:05.968] [ERROR] LIST - No list at : 126.72178103999786 - 37.60968765 - 126.77664311999786 - 37.63332026 at page 3
[2019-02-14T00:43:22.216] [ERROR] LIST - No list at : 126.77664311999786 - 37.60968765 - 126.83150519999785 - 37.63332026 at page 5
[2019-02-14T00:46:26.658] [ERROR] ITEM - waiting for selector ".biz_name_area > .name" failed: timeout 3500ms exceeded
[2019-02-14T00:46:26.658] [ERROR] ITEM - At Crawling : https://store.naver.com/restaurants/detail?id=1498754462&query=CAFE%20J
[2019-02-14T00:49:49.470] [ERROR] ITEM - waiting for selector ".biz_name_area > .name" failed: timeout 3500ms exceeded
[2019-02-14T00:49:49.470] [ERROR] ITEM - At Crawling : https://store.naver.com/restaurants/detail?id=1752992771&query=%EC%B9%B4%ED%8E%98%EB%B8%94%EB%A1%B1%EC%89%AC
[2019-02-14T00:51:53.316] [ERROR] LIST - No list at : 126.83150519999785 - 37.60968765 - 126.88636727999784 - 37.63332026 at page 12
[2019-02-14T01:01:55.434] [ERROR] ITEM - waiting for selector ".biz_name_area > .name" failed: timeout 3500ms exceeded
[2019-02-14T01:01:55.434] [ERROR] ITEM - At Crawling : https://store.naver.com/restaurants/detail?id=1120897973&query=Narindo%20%EC%8A%A4%ED%85%8C%EB%B9%84%EC%95%84%EC%BF%A0%ED%82%A4
[2019-02-14T01:04:16.571] [ERROR] ITEM - waiting for selector ".biz_name_area > .name" failed: timeout 3500ms exceeded
[2019-02-14T01:04:16.571] [ERROR] ITEM - At Crawling : https://store.naver.com/restaurants/detail?id=591720120&query=%EB%98%90%EB%9E%98%ED%86%A1
[2019-02-14T01:06:15.859] [ERROR] ITEM - waiting for selector ".biz_name_area > .name" failed: timeout 3500ms exceeded
[2019-02-14T01:06:15.859] [ERROR] ITEM - At Crawling : https://store.naver.com/restaurants/detail?id=1066507126&query=%EA%B0%A4%EB%9F%AC%EB%A6%AC%EC%B0%BB%EC%A7%91
[2019-02-14T01:06:45.144] [ERROR] LIST - No list at : 126.88636727999784 - 37.60968765 - 126.94122935999783 - 37.63332026 at page 18
[2019-02-14T01:08:01.478] [ERROR] LIST - No list at : 126.94122935999783 - 37.60968765 - 126.99609143999783 - 37.63332026 at page 3
[2019-02-14T01:22:03.849] [ERROR] LIST - No list at : 126.99609143999783 - 37.60968765 - 127.05095351999782 - 37.63332026 at page 17
[2019-02-14T01:23:06.877] [ERROR] ITEM - waiting for selector ".biz_name_area > .name" failed: timeout 3500ms exceeded
[2019-02-14T01:23:06.877] [ERROR] ITEM - At Crawling : https://store.naver.com/restaurants/detail?id=648621739&query=%EC%8C%8D%EB%9C%A8%EB%96%BC
[2019-02-14T01:28:34.844] [ERROR] ITEM - waiting for selector ".biz_name_area > .name" failed: timeout 3500ms exceeded
[2019-02-14T01:28:34.844] [ERROR] ITEM - At Crawling : https://store.naver.com/restaurants/detail?id=1675320498&query=%ED%81%AC%EB%A1%9C%EC%99%80%EC%83%81%ED%85%8C%EB%A6%AC
[2019-02-14T01:40:33.830] [ERROR] LIST - No list at : 127.05095351999782 - 37.60968765 - 127.10581559999781 - 37.63332026 at page 22
[2019-02-14T01:45:22.149] [ERROR] LIST - No list at : 127.10581559999781 - 37.60968765 - 127.1606776799978 - 37.63332026 at page 7
[2019-02-14T01:46:37.974] [ERROR] LIST - No list at : 127.1606776799978 - 37.60968765 - 127.2155397599978 - 37.63332026 at page 3
[2019-02-14T01:46:56.953] [ERROR] LIST - No list at : 127.2155397599978 - 37.60968765 - 127.27040183999779 - 37.63332026 at page 2
[2019-02-14T01:47:22.322] [ERROR] LIST - No list at : 127.27040183999779 - 37.60968765 - 127.32526391999778 - 37.63332026 at page 2
[2019-02-14T01:48:56.019] [ERROR] LIST - No list at : 127.32526391999778 - 37.60968765 - 127.38012599999777 - 37.63332026 at page 3
[2019-02-14T01:49:07.761] [ERROR] LIST - No list at : 127.38012599999777 - 37.60968765 - 127.43498807999777 - 37.63332026 at page 1
[2019-02-14T01:49:24.447] [ERROR] LIST - No list at : 127.43498807999777 - 37.60968765 - 127.48985015999776 - 37.63332026 at page 2
[2019-02-14T01:49:35.659] [ERROR] LIST - No list at : 127.48985015999776 - 37.60968765 - 127.54471223999775 - 37.63332026 at page 1
[2019-02-14T01:49:47.164] [ERROR] LIST - No list at : 127.54471223999775 - 37.60968765 - 127.59957431999774 - 37.63332026 at page 1
[2019-02-14T01:49:58.333] [ERROR] LIST - No list at : 127.59957431999774 - 37.60968765 - 127.65443639999773 - 37.63332026 at page 1
[2019-02-14T01:51:15.485] [ERROR] LIST - No list at : 126.55719479999775 - 37.63332026 - 126.61205687999774 - 37.65695287 at page 3
[2019-02-14T01:52:42.641] [ERROR] ITEM - waiting for selector ".biz_name_area > .name" failed: timeout 3500ms exceeded
[2019-02-14T01:52:42.642] [ERROR] ITEM - At Crawling : https://store.naver.com/restaurants/detail?id=299905491&query=%ED%86%A0%EB%AA%A8%EB%A3%A8%EA%B3%BC%EC%9E%90%EC%A0%90
[2019-02-14T01:58:40.320] [ERROR] ITEM - waiting for selector ".biz_name_area > .name" failed: timeout 3500ms exceeded
[2019-02-14T01:58:40.320] [ERROR] ITEM - At Crawling : https://store.naver.com/restaurants/detail?id=18625998&query=%EB%AA%85%EB%8B%A4%EB%B0%A9
[2019-02-14T01:59:12.569] [ERROR] ITEM - waiting for selector ".biz_name_area > .name" failed: timeout 3500ms exceeded
[2019-02-14T01:59:12.570] [ERROR] ITEM - At Crawling : https://store.naver.com/restaurants/detail?id=383527505&query=83%EB%8F%BC%EC%A7%80
[2019-02-14T01:59:25.705] [ERROR] LIST - No list at : 126.61205687999774 - 37.63332026 - 126.66691895999773 - 37.65695287 at page 11
[2019-02-14T02:07:27.313] [ERROR] ITEM - waiting for selector ".biz_name_area > .name" failed: timeout 3500ms exceeded
[2019-02-14T02:07:27.314] [ERROR] ITEM - At Crawling : https://store.naver.com/restaurants/detail?id=1557005875&query=%EB%A1%9C%EB%8E%80%ED%95%98%EC%9A%B0%EC%8A%A4
[2019-02-14T02:09:10.858] [ERROR] LIST - No list at : 126.66691895999773 - 37.63332026 - 126.72178103999772 - 37.65695287 at page 13
[2019-02-14T02:13:23.006] [ERROR] LIST - No list at : 126.72178103999772 - 37.63332026 - 126.77664311999771 - 37.65695287 at page 6
[2019-02-14T02:18:11.929] [ERROR] ITEM - waiting for selector ".biz_name_area > .name" failed: timeout 3500ms exceeded
[2019-02-14T02:18:11.929] [ERROR] ITEM - At Crawling : https://store.naver.com/restaurants/detail?id=37157735&query=%EC%B9%B4%ED%8E%98%EA%B2%8C%EC%9D%B4%ED%8A%B8%20%EC%9D%BC%EC%82%B0%EB%B0%B1%EB%A7%88%EC%A0%90
[2019-02-14T02:20:49.986] [ERROR] ITEM - waiting for selector ".biz_name_area > .name" failed: timeout 3500ms exceeded
[2019-02-14T02:20:49.986] [ERROR] ITEM - At Crawling : https://store.naver.com/restaurants/detail?id=38540100&query=%EC%A5%AC%EC%94%A8%EB%A7%88%EB%91%90%EC%97%AD%EC%A0%90
[2019-02-14T02:23:11.073] [ERROR] ITEM - waiting for selector ".biz_name_area > .name" failed: timeout 3500ms exceeded
[2019-02-14T02:23:11.073] [ERROR] ITEM - At Crawling : https://store.naver.com/restaurants/detail?id=1105426836&query=%ED%82%A4%EC%B9%9C%EB%B9%A0%EB%82%98%EB%82%98
[2019-02-14T02:26:49.776] [ERROR] LIST - No list at : 126.77664311999771 - 37.63332026 - 126.83150519999771 - 37.65695287 at page 17
[2019-02-14T02:31:32.231] [ERROR] ITEM - waiting for selector ".biz_name_area > .name" failed: timeout 3500ms exceeded
[2019-02-14T02:31:32.231] [ERROR] ITEM - At Crawling : https://store.naver.com/restaurants/detail?id=32138798&query=%EB%9F%AC%EB%B8%8C%EB%A0%88%ED%84%B0%EC%BB%A4%ED%94%BC%EC%88%8D
[2019-02-14T02:32:14.397] [ERROR] ITEM - waiting for selector ".biz_name_area > .name" failed: timeout 3500ms exceeded
[2019-02-14T02:32:14.397] [ERROR] ITEM - At Crawling : https://store.naver.com/restaurants/detail?id=1345171015&query=%EC%BB%A4%ED%94%BC%EC%97%90%EB%B0%98%ED%95%98%EB%8B%A4%20%EC%9B%90%ED%9D%A5%EC%97%AD%EC%A0%90
[2019-02-14T02:34:37.136] [ERROR] ITEM - waiting for selector ".biz_name_area > .name" failed: timeout 3500ms exceeded
[2019-02-14T02:34:37.136] [ERROR] ITEM - At Crawling : https://store.naver.com/restaurants/detail?id=37049942&query=%EB%A7%88%EC%9D%B4%ED%83%80%EC%9A%B4
[2019-02-14T02:35:42.030] [ERROR] LIST - No list at : 126.83150519999771 - 37.63332026 - 126.8863672799977 - 37.65695287 at page 11
[2019-02-14T02:36:38.575] [ERROR] ITEM - waiting for selector ".biz_name_area > .name" failed: timeout 3500ms exceeded
[2019-02-14T02:36:38.576] [ERROR] ITEM - At Crawling : https://store.naver.com/restaurants/detail?id=1799636136&query=%EB%B2%A0%ED%82%A4%EC%95%84%EC%97%90%EB%88%84%EB%B3%B4%20%EC%8A%A4%ED%83%80%ED%95%84%EB%93%9C%20%EA%B3%A0%EC%96%91%EC%A0%90
[2019-02-14T02:39:12.319] [ERROR] ITEM - waiting for selector ".biz_name_area > .name" failed: timeout 3500ms exceeded
[2019-02-14T02:39:12.319] [ERROR] ITEM - At Crawling : https://store.naver.com/restaurants/detail?id=73177897&query=%EC%B9%B4%ED%8E%98%EB%B8%94%EB%A1%B1%EC%89%AC
[2019-02-14T02:43:38.289] [ERROR] LIST - No list at : 126.8863672799977 - 37.63332026 - 126.94122935999769 - 37.65695287 at page 11
[2019-02-14T02:44:12.667] [ERROR] LIST - No list at : 126.94122935999769 - 37.63332026 - 126.99609143999768 - 37.65695287 at page 2
[2019-02-14T03:06:07.242] [ERROR] LIST - No list at : 126.99609143999768 - 37.63332026 - 127.05095351999768 - 37.65695287 at page 27
[2019-02-14T03:20:10.465] [ERROR] LIST - No list at : 127.05095351999768 - 37.63332026 - 127.10581559999767 - 37.65695287 at page 17
[2019-02-14T03:25:14.190] [ERROR] ITEM - waiting for selector ".biz_name_area > .name" failed: timeout 3500ms exceeded
[2019-02-14T03:25:14.191] [ERROR] ITEM - At Crawling : https://store.naver.com/restaurants/detail?id=1617356654&query=%EC%95%84%EB%A5%B4%ED%8B%B0%EC%95%84%EA%B3%A0%20%EB%A7%88%EC%B9%B4%EB%A1%B1%20%EB%B3%84%EB%82%B4%EC%A0%90
[2019-02-14T03:27:38.235] [ERROR] ITEM - waiting for selector ".biz_name_area > .name" failed: timeout 3500ms exceeded
[2019-02-14T03:27:38.235] [ERROR] ITEM - At Crawling : https://store.naver.com/restaurants/detail?id=1696791908&query=%EC%9A%94%EA%B1%B0%ED%94%84%EB%A0%88%EC%86%8C%20%EC%82%BC%EC%9C%A1%EB%8C%80%EC%A0%90
[2019-02-14T03:27:58.691] [ERROR] ITEM - waiting for selector ".biz_name_area > .name" failed: timeout 3500ms exceeded
[2019-02-14T03:27:58.691] [ERROR] ITEM - At Crawling : https://store.naver.com/restaurants/detail?id=271670103&query=%EC%8B%9C%EA%B3%A8%ED%92%8D%EA%B2%BD%EB%AF%BC%EB%AC%BC%EB%A7%A4%EC%9A%B4%ED%83%95
[2019-02-14T03:28:13.499] [ERROR] LIST - No list at : 127.10581559999767 - 37.63332026 - 127.16067767999766 - 37.65695287 at page 10
[2019-02-14T03:29:49.255] [ERROR] LIST - No list at : 127.16067767999766 - 37.63332026 - 127.21553975999765 - 37.65695287 at page 3
[2019-02-14T03:36:07.178] [ERROR] LIST - No list at : 127.21553975999765 - 37.63332026 - 127.27040183999765 - 37.65695287 at page 9
[2019-02-14T03:36:23.496] [ERROR] ITEM - waiting for selector ".biz_name_area > .name" failed: timeout 3500ms exceeded
[2019-02-14T03:36:23.496] [ERROR] ITEM - At Crawling : https://store.naver.com/restaurants/detail?id=1396386514&query=%EC%95%84%EB%82%A0%EB%A1%9C%EA%B7%B8%20%EA%B0%80%EC%A0%9C%ED%8A%B8
[2019-02-14T03:40:12.735] [ERROR] LIST - No list at : 127.27040183999765 - 37.63332026 - 127.32526391999764 - 37.65695287 at page 6
[2019-02-14T03:41:39.534] [ERROR] LIST - No list at : 127.32526391999764 - 37.63332026 - 127.38012599999763 - 37.65695287 at page 3
[2019-02-14T03:42:03.390] [ERROR] LIST - No list at : 127.38012599999763 - 37.63332026 - 127.43498807999762 - 37.65695287 at page 2
[2019-02-14T03:42:22.325] [ERROR] LIST - No list at : 127.43498807999762 - 37.63332026 - 127.48985015999762 - 37.65695287 at page 2
[2019-02-14T03:42:34.068] [ERROR] LIST - No list at : 127.48985015999762 - 37.63332026 - 127.54471223999761 - 37.65695287 at page 1
[2019-02-14T03:42:45.296] [ERROR] LIST - No list at : 127.54471223999761 - 37.63332026 - 127.5995743199976 - 37.65695287 at page 1
[2019-02-14T03:43:01.624] [ERROR] LIST - No list at : 127.5995743199976 - 37.63332026 - 127.65443639999759 - 37.65695287 at page 2
[2019-02-14T03:43:17.738] [ERROR] LIST - No list at : 126.5571947999976 - 37.65695287 - 126.6120568799976 - 37.68058548 at page 2
[2019-02-14T03:44:13.697] [ERROR] LIST - No list at : 126.6120568799976 - 37.65695287 - 126.66691895999759 - 37.68058548 at page 2
[2019-02-14T03:44:52.827] [ERROR] LIST - No list at : 126.66691895999759 - 37.65695287 - 126.72178103999758 - 37.68058548 at page 2
[2019-02-14T04:08:03.313] [ERROR] ITEM - waiting for selector ".biz_name_area > .name" failed: timeout 3500ms exceeded
[2019-02-14T04:08:03.313] [ERROR] ITEM - At Crawling : https://store.naver.com/restaurants/detail?id=35928622&query=%EC%B9%B4%ED%8E%98%EB%8D%94%EB%A9%94%EB%93%9C%20%EB%A1%AF%EB%8D%B0%20%ED%82%A8%ED%85%8D%EC%8A%A4%EC%A0%90
[2019-02-14T04:09:24.500] [ERROR] ITEM - waiting for selector ".biz_name_area > .name" failed: timeout 3500ms exceeded
[2019-02-14T04:09:24.501] [ERROR] ITEM - At Crawling : https://store.naver.com/restaurants/detail?id=38482356&query=%EC%97%98%ED%94%BC%EC%8A%A4
[2019-02-14T04:14:16.612] [ERROR] LIST - No list at : 126.72178103999758 - 37.65695287 - 126.77664311999757 - 37.68058548 at page 36
[2019-02-14T04:26:06.978] [ERROR] ITEM - waiting for selector ".biz_name_area > .name" failed: timeout 3500ms exceeded
[2019-02-14T04:26:06.979] [ERROR] ITEM - At Crawling : https://store.naver.com/restaurants/detail?id=20282358&query=%EC%BD%94%EC%BD%94%EC%A6%88
[2019-02-14T04:28:20.465] [ERROR] LIST - No list at : 126.77664311999757 - 37.65695287 - 126.83150519999757 - 37.68058548 at page 18
[2019-02-14T04:30:40.954] [ERROR] LIST - No list at : 126.83150519999757 - 37.65695287 - 126.88636727999756 - 37.68058548 at page 4
[2019-02-14T04:32:37.542] [ERROR] LIST - No list at : 126.88636727999756 - 37.65695287 - 126.94122935999755 - 37.68058548 at page 3
[2019-02-14T04:33:17.284] [ERROR] LIST - No list at : 126.94122935999755 - 37.65695287 - 126.99609143999754 - 37.68058548 at page 2
[2019-02-14T04:41:20.688] [ERROR] LIST - No list at : 126.99609143999754 - 37.65695287 - 127.05095351999753 - 37.68058548 at page 11
[2019-02-14T04:43:59.702] [ERROR] ITEM - waiting for selector ".biz_name_area > .name" failed: timeout 3500ms exceeded
[2019-02-14T04:43:59.702] [ERROR] ITEM - At Crawling : https://store.naver.com/restaurants/detail?id=38555804&query=%EC%BB%A4%ED%94%BC%EB%82%98%EB%AC%B4%20%EC%83%81%EA%B3%84%EC%97%AD%EC%A0%90
[2019-02-14T04:44:50.823] [ERROR] ITEM - waiting for selector ".biz_name_area > .name" failed: timeout 3500ms exceeded
[2019-02-14T04:44:50.824] [ERROR] ITEM - At Crawling : https://store.naver.com/restaurants/detail?id=31317345&query=%EC%9D%B4%EB%94%94%EC%95%BC%EC%BB%A4%ED%94%BC%20%EC%83%81%EA%B3%84%EC%97%AD%EC%A0%90
[2019-02-14T04:51:51.922] [ERROR] LIST - No list at : 127.05095351999753 - 37.65695287 - 127.10581559999753 - 37.68058548 at page 13
[2019-02-14T04:57:05.237] [ERROR] LIST - No list at : 127.10581559999753 - 37.65695287 - 127.16067767999752 - 37.68058548 at page 7
[2019-02-14T04:58:16.726] [ERROR] LIST - No list at : 127.16067767999752 - 37.65695287 - 127.21553975999751 - 37.68058548 at page 3
[2019-02-14T04:58:50.315] [ERROR] ITEM - waiting for selector ".biz_name_area > .name" failed: timeout 3500ms exceeded
[2019-02-14T04:58:50.315] [ERROR] ITEM - At Crawling : https://store.naver.com/restaurants/detail?id=1428656773&query=%EC%86%8C%EC%86%8C%ED%95%9C%ED%92%8D%EA%B2%BD
[2019-02-14T04:59:57.125] [ERROR] LIST - No list at : 127.21553975999751 - 37.65695287 - 127.2704018399975 - 37.68058548 at page 3
[2019-02-14T05:02:35.191] [ERROR] LIST - No list at : 127.2704018399975 - 37.65695287 - 127.3252639199975 - 37.68058548 at page 4
[2019-02-14T05:03:13.799] [ERROR] LIST - No list at : 127.3252639199975 - 37.65695287 - 127.38012599999749 - 37.68058548 at page 2
[2019-02-14T05:03:38.946] [ERROR] LIST - No list at : 127.38012599999749 - 37.65695287 - 127.43498807999748 - 37.68058548 at page 2
[2019-02-14T05:04:15.941] [ERROR] LIST - No list at : 127.43498807999748 - 37.65695287 - 127.48985015999747 - 37.68058548 at page 2
[2019-02-14T05:04:58.324] [ERROR] LIST - No list at : 127.48985015999747 - 37.65695287 - 127.54471223999747 - 37.68058548 at page 2
[2019-02-14T05:05:09.550] [ERROR] LIST - No list at : 127.54471223999747 - 37.65695287 - 127.59957431999746 - 37.68058548 at page 1
[2019-02-14T05:05:25.645] [ERROR] LIST - No list at : 127.59957431999746 - 37.65695287 - 127.65443639999745 - 37.68058548 at page 2
[2019-02-14T05:08:23.387] [ERROR] LIST - No list at : 126.55719479999746 - 37.68058548 - 126.61205687999745 - 37.70421809 at page 4
[2019-02-14T05:08:58.564] [ERROR] LIST - No list at : 126.61205687999745 - 37.68058548 - 126.66691895999745 - 37.70421809 at page 2
[2019-02-14T05:10:29.759] [ERROR] ITEM - waiting for selector ".biz_name_area > .name" failed: timeout 3500ms exceeded
[2019-02-14T05:10:29.760] [ERROR] ITEM - At Crawling : https://store.naver.com/restaurants/detail?id=11387652&query=%EB%A7%88%EC%8A%A4%ED%8E%AB%EC%95%A0%EA%B2%AC%EC%9A%A9%ED%92%88
[2019-02-14T05:10:53.337] [ERROR] LIST - No list at : 126.66691895999745 - 37.68058548 - 126.72178103999744 - 37.70421809 at page 3
[2019-02-14T05:19:45.548] [ERROR] LIST - No list at : 126.72178103999744 - 37.68058548 - 126.77664311999743 - 37.70421809 at page 12
[2019-02-14T05:23:15.068] [ERROR] LIST - No list at : 126.77664311999743 - 37.68058548 - 126.83150519999742 - 37.70421809 at page 5
[2019-02-14T05:24:38.049] [ERROR] LIST - No list at : 126.83150519999742 - 37.68058548 - 126.88636727999742 - 37.70421809 at page 3
[2019-02-14T05:25:32.589] [ERROR] LIST - No list at : 126.88636727999742 - 37.68058548 - 126.94122935999741 - 37.70421809 at page 2
[2019-02-14T05:25:46.891] [ERROR] LIST - No list at : 126.94122935999741 - 37.68058548 - 126.9960914399974 - 37.70421809 at page 2
[2019-02-14T05:27:35.984] [ERROR] LIST - No list at : 126.9960914399974 - 37.68058548 - 127.05095351999739 - 37.70421809 at page 3
[2019-02-14T05:28:24.256] [ERROR] LIST - No list at : 127.05095351999739 - 37.68058548 - 127.10581559999738 - 37.70421809 at page 2
[2019-02-14T05:28:50.168] [ERROR] LIST - No list at : 127.10581559999738 - 37.68058548 - 127.16067767999738 - 37.70421809 at page 2
[2019-02-14T05:31:09.920] [ERROR] LIST - No list at : 127.16067767999738 - 37.68058548 - 127.21553975999737 - 37.70421809 at page 4
[2019-02-14T05:31:35.836] [ERROR] LIST - No list at : 127.21553975999737 - 37.68058548 - 127.27040183999736 - 37.70421809 at page 2
[2019-02-14T05:31:55.462] [ERROR] LIST - No list at : 127.27040183999736 - 37.68058548 - 127.32526391999735 - 37.70421809 at page 2
[2019-02-14T05:32:35.046] [ERROR] LIST - No list at : 127.32526391999735 - 37.68058548 - 127.38012599999735 - 37.70421809 at page 2
[2019-02-14T05:33:24.764] [ERROR] LIST - No list at : 127.38012599999735 - 37.68058548 - 127.43498807999734 - 37.70421809 at page 2
[2019-02-14T05:33:38.955] [ERROR] LIST - No list at : 127.43498807999734 - 37.68058548 - 127.48985015999733 - 37.70421809 at page 2
[2019-02-14T05:34:16.436] [ERROR] LIST - No list at : 127.48985015999733 - 37.68058548 - 127.54471223999732 - 37.70421809 at page 2
[2019-02-14T05:34:41.271] [ERROR] LIST - No list at : 127.54471223999732 - 37.68058548 - 127.59957431999732 - 37.70421809 at page 2
[2019-02-14T05:34:57.780] [ERROR] LIST - No list at : 127.59957431999732 - 37.68058548 - 127.65443639999731 - 37.70421809 at page 2
[2019-02-14T05:35:41.156] [ERROR] LIST - No list at : 126.55719479999732 - 37.70421809 - 126.61205687999731 - 37.7278507 at page 2
[2019-02-14T05:36:55.310] [ERROR] LIST - No list at : 126.61205687999731 - 37.70421809 - 126.6669189599973 - 37.7278507 at page 3
[2019-02-14T05:42:30.581] [ERROR] LIST - No list at : 126.6669189599973 - 37.70421809 - 126.7217810399973 - 37.7278507 at page 8
[2019-02-14T05:51:03.377] [ERROR] LIST - No list at : 126.7217810399973 - 37.70421809 - 126.77664311999729 - 37.7278507 at page 11
[2019-02-14T05:52:29.345] [ERROR] LIST - No list at : 126.77664311999729 - 37.70421809 - 126.83150519999728 - 37.7278507 at page 3
[2019-02-14T05:53:11.129] [ERROR] LIST - No list at : 126.83150519999728 - 37.70421809 - 126.88636727999727 - 37.7278507 at page 2
[2019-02-14T05:54:24.389] [ERROR] LIST - No list at : 126.88636727999727 - 37.70421809 - 126.94122935999727 - 37.7278507 at page 3
[2019-02-14T05:55:18.843] [ERROR] LIST - No list at : 126.94122935999727 - 37.70421809 - 126.99609143999726 - 37.7278507 at page 3
[2019-02-14T05:59:13.011] [ERROR] LIST - No list at : 126.99609143999726 - 37.70421809 - 127.05095351999725 - 37.7278507 at page 6
[2019-02-14T06:00:57.189] [ERROR] LIST - No list at : 127.05095351999725 - 37.70421809 - 127.10581559999724 - 37.7278507 at page 3
[2019-02-14T06:02:14.910] [ERROR] LIST - No list at : 127.10581559999724 - 37.70421809 - 127.16067767999724 - 37.7278507 at page 3
[2019-02-14T06:03:12.091] [ERROR] LIST - No list at : 127.16067767999724 - 37.70421809 - 127.21553975999723 - 37.7278507 at page 2
[2019-02-14T06:03:23.310] [ERROR] LIST - No list at : 127.21553975999723 - 37.70421809 - 127.27040183999722 - 37.7278507 at page 1
[2019-02-14T06:04:10.177] [ERROR] LIST - No list at : 127.27040183999722 - 37.70421809 - 127.32526391999721 - 37.7278507 at page 2
[2019-02-14T06:04:26.565] [ERROR] LIST - No list at : 127.32526391999721 - 37.70421809 - 127.3801259999972 - 37.7278507 at page 2
[2019-02-14T06:04:59.917] [ERROR] LIST - No list at : 127.3801259999972 - 37.70421809 - 127.4349880799972 - 37.7278507 at page 2
[2019-02-14T06:05:37.817] [ERROR] LIST - No list at : 127.4349880799972 - 37.70421809 - 127.48985015999719 - 37.7278507 at page 2
[2019-02-14T06:05:57.566] [ERROR] LIST - No list at : 127.48985015999719 - 37.70421809 - 127.54471223999718 - 37.7278507 at page 2
[2019-02-14T06:06:12.023] [ERROR] LIST - No list at : 127.54471223999718 - 37.70421809 - 127.59957431999717 - 37.7278507 at page 2
[2019-02-14T06:06:23.276] [ERROR] LIST - No list at : 127.59957431999717 - 37.70421809 - 127.65443639999717 - 37.7278507 at page 1
